2016-03-09 11:46:51	8:Notice [Undefined variable: argv] /home/users/tongzhen/xhprof/bfwphpapp/lib/app.php 38
2016-03-09 11:46:51	8:Notice [Undefined index: a19c01d3a0f8251ac55acbe086632613] /home/users/tongzhen/xhprof/bfwphpapp/lib/mysql.php 45
2016-03-09 11:47:29	8:Notice [Undefined variable: argv] /home/users/tongzhen/xhprof/bfwphpapp/lib/app.php 38
2016-03-09 11:47:29	8:Notice [Undefined index: a19c01d3a0f8251ac55acbe086632613] /home/users/tongzhen/xhprof/bfwphpapp/lib/mysql.php 45
2016-03-09 11:47:29	2:Warning [Invalid argument supplied for foreach()] /home/users/tongzhen/xhprof/bfwphpapp/lib/view.php 16
2016-03-09 11:47:29	8:Notice [Undefined index: b84023a46e278c6565e2831ea3f141b0] /home/users/tongzhen/xhprof/bfwphpapp/lib/mysql.php 25
2016-03-09 11:47:29	8:Notice [Undefined index: 177e493ef0f9ef10c65adebfae273417] /home/users/tongzhen/xhprof/bfwphpapp/lib/mysql.php 45
2016-03-09 11:47:29	8:Notice [Undefined index: timestamp] /home/users/tongzhen/xhprof/bfwphpapp/resqueshow/tpl/statrequest/index.php 162
2016-03-09 11:47:29	8:Notice [Undefined index: timestamp] /home/users/tongzhen/xhprof/bfwphpapp/resqueshow/tpl/statrequest/index.php 162
2016-03-09 11:47:29	8:Notice [Undefined index: timestamp] /home/users/tongzhen/xhprof/bfwphpapp/resqueshow/tpl/statrequest/index.php 162
2016-03-09 11:47:29	8:Notice [Undefined index: timestamp] /home/users/tongzhen/xhprof/bfwphpapp/resqueshow/tpl/statrequest/index.php 162
2016-03-09 11:47:29	8:Notice [Undefined index: timestamp] /home/users/tongzhen/xhprof/bfwphpapp/resqueshow/tpl/statrequest/index.php 162
2016-03-09 11:47:29	8:Notice [Undefined index: timestamp] /home/users/tongzhen/xhprof/bfwphpapp/resqueshow/tpl/statrequest/index.php 162
2016-03-09 11:47:29	8:Notice [Undefined index: timestamp] /home/users/tongzhen/xhprof/bfwphpapp/resqueshow/tpl/statrequest/index.php 162
2016-03-09 11:47:29	8:Notice [Undefined index: timestamp] /home/users/tongzhen/xhprof/bfwphpapp/resqueshow/tpl/statrequest/index.php 162
2016-03-09 11:47:33	8:Notice [Undefined variable: argv] /home/users/tongzhen/xhprof/bfwphpapp/lib/app.php 38
2016-03-09 11:47:33	8:Notice [Undefined index: a19c01d3a0f8251ac55acbe086632613] /home/users/tongzhen/xhprof/bfwphpapp/lib/mysql.php 45
2016-03-09 11:47:33	2:Warning [Invalid argument supplied for foreach()] /home/users/tongzhen/xhprof/bfwphpapp/lib/view.php 16
2016-03-09 11:47:33	8:Notice [Undefined index: 7df83d30f591ec843fe287017aab76cd] /home/users/tongzhen/xhprof/bfwphpapp/lib/mysql.php 25
2016-03-09 11:47:33	8:Notice [Undefined index: bed7a5c9d95bc68b3206b6a32972e268] /home/users/tongzhen/xhprof/bfwphpapp/lib/mysql.php 45
2016-03-09 11:47:33	8:Notice [Undefined index: timestamp] /home/users/tongzhen/xhprof/bfwphpapp/resqueshow/tpl/statrequest/index.php 162
2016-03-09 11:47:33	8:Notice [Undefined index: timestamp] /home/users/tongzhen/xhprof/bfwphpapp/resqueshow/tpl/statrequest/index.php 162
2016-03-09 11:47:33	8:Notice [Undefined index: timestamp] /home/users/tongzhen/xhprof/bfwphpapp/resqueshow/tpl/statrequest/index.php 162
2016-03-09 11:47:33	8:Notice [Undefined index: timestamp] /home/users/tongzhen/xhprof/bfwphpapp/resqueshow/tpl/statrequest/index.php 162
2016-03-09 11:47:33	8:Notice [Undefined index: timestamp] /home/users/tongzhen/xhprof/bfwphpapp/resqueshow/tpl/statrequest/index.php 162
2016-03-09 11:47:33	8:Notice [Undefined index: timestamp] /home/users/tongzhen/xhprof/bfwphpapp/resqueshow/tpl/statrequest/index.php 162
2016-03-09 11:47:33	8:Notice [Undefined index: timestamp] /home/users/tongzhen/xhprof/bfwphpapp/resqueshow/tpl/statrequest/index.php 162
2016-03-09 11:47:33	8:Notice [Undefined index: timestamp] /home/users/tongzhen/xhprof/bfwphpapp/resqueshow/tpl/statrequest/index.php 162
2016-03-09 11:47:35	8:Notice [Undefined variable: argv] /home/users/tongzhen/xhprof/bfwphpapp/lib/app.php 38
2016-03-09 11:47:35	8:Notice [Undefined index: a19c01d3a0f8251ac55acbe086632613] /home/users/tongzhen/xhprof/bfwphpapp/lib/mysql.php 45
2016-03-09 11:47:35	2:Warning [Invalid argument supplied for foreach()] /home/users/tongzhen/xhprof/bfwphpapp/lib/view.php 16
2016-03-09 11:47:35	8:Notice [Undefined index: 37bb06c07f328344833c05ce06507ee6] /home/users/tongzhen/xhprof/bfwphpapp/lib/mysql.php 45
2016-03-09 11:47:35	2:Warning [Invalid argument supplied for foreach()] /home/users/tongzhen/xhprof/bfwphpapp/lib/view.php 16
2016-03-09 11:47:35	8:Notice [Undefined index: 4bd16d5f05f8dc48243b3e1cb0694cc7] /home/users/tongzhen/xhprof/bfwphpapp/lib/mysql.php 45
2016-03-09 11:47:35	2:Warning [Invalid argument supplied for foreach()] /home/users/tongzhen/xhprof/bfwphpapp/lib/view.php 16
2016-03-09 11:47:36	8:Notice [Undefined index: 98fc20a03216a69566ff7de9534f178b] /home/users/tongzhen/xhprof/bfwphpapp/lib/mysql.php 45
2016-03-09 11:47:36	8:Notice [Undefined index: 7e98545905275bd3ecbeaa4a361f25fb] /home/users/tongzhen/xhprof/bfwphpapp/lib/mysql.php 45
2016-03-09 11:47:36	8:Notice [Undefined index: 2a2cc02f3ee5a15e9e46e4d6455204fb] /home/users/tongzhen/xhprof/bfwphpapp/lib/mysql.php 45
2016-03-09 11:47:36	8:Notice [Undefined index: 868eade1c14fac2dc75c7c1059c2004e] /home/users/tongzhen/xhprof/bfwphpapp/lib/mysql.php 45
2016-03-09 11:47:36	8:Notice [Undefined index: 8cd7220197189c9e03a1134ed0dcac02] /home/users/tongzhen/xhprof/bfwphpapp/lib/mysql.php 45
2016-03-09 11:47:36	8:Notice [Undefined index: 1dfd7861ca7b95bd72b41041b111ead5] /home/users/tongzhen/xhprof/bfwphpapp/lib/mysql.php 45
2016-03-09 11:47:36	8:Notice [Undefined index: 489b5c37c2aa571161d2e8a68027e59b] /home/users/tongzhen/xhprof/bfwphpapp/lib/mysql.php 45
2016-03-09 11:47:36	8:Notice [Undefined variable: cmu] /home/users/tongzhen/xhprof/bfwphpapp/resqueshow/class/obj/caculate/caculate.php 22
2016-03-09 11:47:36	8:Notice [Undefined index: 80efd9ee0f12a13ca9e9fe9f546c9c21] /home/users/tongzhen/xhprof/bfwphpapp/lib/mysql.php 45
2016-03-09 11:47:36	8:Notice [Undefined index: cd111064809005cc353ee3c54d842fb5] /home/users/tongzhen/xhprof/bfwphpapp/lib/mysql.php 45
2016-03-09 11:47:36	8:Notice [Undefined index: 33d8b6d3631bd939d178f8abc1a042a3] /home/users/tongzhen/xhprof/bfwphpapp/lib/mysql.php 45
2016-03-09 11:47:36	8:Notice [Undefined index: e9b9af75509e188a09d588e3e543d579] /home/users/tongzhen/xhprof/bfwphpapp/lib/mysql.php 45
2016-03-09 11:47:36	8:Notice [Undefined index: ff8c2fe26d426778bd909ad88ea0d42c] /home/users/tongzhen/xhprof/bfwphpapp/lib/mysql.php 45
2016-03-09 11:47:36	8:Notice [Undefined index: de5c27dd4d9e2da9a044cd0cb3de6134] /home/users/tongzhen/xhprof/bfwphpapp/lib/mysql.php 45
2016-03-09 11:47:36	8:Notice [Undefined index: 90ec26762c9bbc4dcaa0fd190465c62b] /home/users/tongzhen/xhprof/bfwphpapp/lib/mysql.php 45
2016-03-09 11:47:36	8:Notice [Undefined index: afc1745e67711c9837ea106b4210bc13] /home/users/tongzhen/xhprof/bfwphpapp/lib/mysql.php 45
2016-03-09 11:47:36	8:Notice [Undefined index: edd297db2abb3ed530f8c9733216e403] /home/users/tongzhen/xhprof/bfwphpapp/lib/mysql.php 45
2016-03-09 11:47:36	8:Notice [Undefined index: 10a508372061daa3bef2d2f74aa9a247] /home/users/tongzhen/xhprof/bfwphpapp/lib/mysql.php 45
2016-03-09 11:47:36	8:Notice [Undefined index: 137e606636a14a4dab4ec1a34057916e] /home/users/tongzhen/xhprof/bfwphpapp/lib/mysql.php 45
2016-03-09 11:47:36	8:Notice [Undefined index: b9234d73bd5c6692588d160626fb0e2d] /home/users/tongzhen/xhprof/bfwphpapp/lib/mysql.php 45
2016-03-09 11:47:36	8:Notice [Undefined index: 6aaed2a4037138624600ee52b4c0426c] /home/users/tongzhen/xhprof/bfwphpapp/lib/mysql.php 45
2016-03-09 11:47:36	8:Notice [Undefined index: f522af56210ea1b3d0a81ee6b3402f5d] /home/users/tongzhen/xhprof/bfwphpapp/lib/mysql.php 45
2016-03-09 11:47:36	8:Notice [Undefined index: 4482b3d7281cb06814f42cf8b0e8daab] /home/users/tongzhen/xhprof/bfwphpapp/lib/mysql.php 45
2016-03-09 11:47:36	8:Notice [Undefined index: ca5a433a6c7e954fca863ea5b04a6859] /home/users/tongzhen/xhprof/bfwphpapp/lib/mysql.php 45
2016-03-09 11:47:36	8:Notice [Undefined index: 5178391c75572aa91748c546da474d4c] /home/users/tongzhen/xhprof/bfwphpapp/lib/mysql.php 45
2016-03-09 11:47:36	8:Notice [Undefined index: daa7268a7a76eace50eff2a02581f2d5] /home/users/tongzhen/xhprof/bfwphpapp/lib/mysql.php 45
2016-03-09 11:47:36	8:Notice [Undefined index: 4068525920d7d08a5fa7f2070bd20062] /home/users/tongzhen/xhprof/bfwphpapp/lib/mysql.php 45
2016-03-09 11:47:36	8:Notice [Undefined index: d110c9a1355424c118c63a7ba26dcb51] /home/users/tongzhen/xhprof/bfwphpapp/lib/mysql.php 45
2016-03-09 11:47:36	8:Notice [Undefined index: f02f4327c9335b60bc3563167984fd2c] /home/users/tongzhen/xhprof/bfwphpapp/lib/mysql.php 45
2016-03-09 11:47:36	8:Notice [Undefined index: 6bcaa1016c0e0df9d2d2a3f5e788b3bc] /home/users/tongzhen/xhprof/bfwphpapp/lib/mysql.php 45
2016-03-09 11:47:36	8:Notice [Undefined index: c2324ea5651d7cc81bc5ece7344c2cea] /home/users/tongzhen/xhprof/bfwphpapp/lib/mysql.php 45
2016-03-09 11:47:36	8:Notice [Undefined index: 77a6023a1186d64b8a1fd5766b0e9fe1] /home/users/tongzhen/xhprof/bfwphpapp/lib/mysql.php 45
2016-03-09 11:47:36	8:Notice [Undefined index: 1e453c61c3337f877f385ad4bb860982] /home/users/tongzhen/xhprof/bfwphpapp/lib/mysql.php 45
2016-03-09 11:47:36	8:Notice [Undefined index: dfe465d256aaa01bb0b5ca7da00c3af7] /home/users/tongzhen/xhprof/bfwphpapp/lib/mysql.php 45
2016-03-09 11:47:36	8:Notice [Undefined index: a0dd6c824d7e92978fc68167c1f2dc02] /home/users/tongzhen/xhprof/bfwphpapp/lib/mysql.php 45
2016-03-09 11:47:36	8:Notice [Undefined index: d8af6f73a560266e8a09759734bc314d] /home/users/tongzhen/xhprof/bfwphpapp/lib/mysql.php 45
2016-03-09 11:47:36	8:Notice [Undefined index: 3e8da9273f020e240eb8c358e9675706] /home/users/tongzhen/xhprof/bfwphpapp/lib/mysql.php 45
2016-03-09 11:47:36	8:Notice [Undefined index: 0fe1045d59bb048e67ae6d48425eabcb] /home/users/tongzhen/xhprof/bfwphpapp/lib/mysql.php 45
2016-03-09 11:47:36	8:Notice [Undefined index: 7a9e21d64585f9f272ffdcb73f2a8ee2] /home/users/tongzhen/xhprof/bfwphpapp/lib/mysql.php 45
2016-03-09 11:47:36	8:Notice [Undefined index: c70bc1dc3ca48baf1728f020146df9c1] /home/users/tongzhen/xhprof/bfwphpapp/lib/mysql.php 45
2016-03-09 11:47:36	8:Notice [Undefined index: ffdff01eb550217c4b5bc50c2d48289a] /home/users/tongzhen/xhprof/bfwphpapp/lib/mysql.php 45
2016-03-09 11:47:36	8:Notice [Undefined index: e5c95f92a858fd439cdddbbe5a0036aa] /home/users/tongzhen/xhprof/bfwphpapp/lib/mysql.php 45
2016-03-09 11:47:36	8:Notice [Undefined index: 4a4fa460982fe4263a1798bc03308eff] /home/users/tongzhen/xhprof/bfwphpapp/lib/mysql.php 45
2016-03-09 11:47:36	8:Notice [Undefined index: 704a294b76bb77eaf7d4a1987de7cfb5] /home/users/tongzhen/xhprof/bfwphpapp/lib/mysql.php 45
2016-03-09 11:47:36	8:Notice [Undefined index: 8354c8b7371db7deb6123b4483c9fed0] /home/users/tongzhen/xhprof/bfwphpapp/lib/mysql.php 45
2016-03-09 11:47:36	8:Notice [Undefined index: c6fa901ff075d0036fa0b729e0982e25] /home/users/tongzhen/xhprof/bfwphpapp/lib/mysql.php 45
2016-03-09 11:47:36	8:Notice [Undefined index: 90876ca1bf9c7b6622b015c0b8301512] /home/users/tongzhen/xhprof/bfwphpapp/lib/mysql.php 45
2016-03-09 11:47:36	8:Notice [Undefined index: 1bbd0ba9f48c2d4db2cf9911c50e7598] /home/users/tongzhen/xhprof/bfwphpapp/lib/mysql.php 45
2016-03-09 11:47:36	8:Notice [Undefined index: 9e29cdfde059f80561b0eed49b37d9fc] /home/users/tongzhen/xhprof/bfwphpapp/lib/mysql.php 45
2016-03-09 11:47:36	8:Notice [Undefined index: 2483ae5abd2822d8933506999c14fc45] /home/users/tongzhen/xhprof/bfwphpapp/lib/mysql.php 45
2016-03-09 11:47:36	8:Notice [Undefined variable: cmu] /home/users/tongzhen/xhprof/bfwphpapp/resqueshow/class/obj/caculate/caculate.php 22
2016-03-09 11:47:36	8:Notice [Undefined index: 7061739a9e31d1cffce8acc81aedaf1b] /home/users/tongzhen/xhprof/bfwphpapp/lib/mysql.php 45
2016-03-09 11:47:36	8:Notice [Undefined index: 4a320ef01f8ff494f80bf4f2ce29423f] /home/users/tongzhen/xhprof/bfwphpapp/lib/mysql.php 45
2016-03-09 11:47:36	8:Notice [Undefined index: b217f4cd25d7df47263487248e918a1c] /home/users/tongzhen/xhprof/bfwphpapp/lib/mysql.php 45
2016-03-09 11:47:36	8:Notice [Undefined index: b15508722160f855616a1e75673569f6] /home/users/tongzhen/xhprof/bfwphpapp/lib/mysql.php 45
2016-03-09 11:47:36	8:Notice [Undefined index: e597bf6ff7fb114c7a4193b00083f187] /home/users/tongzhen/xhprof/bfwphpapp/lib/mysql.php 45
2016-03-09 11:47:36	8:Notice [Undefined index: 60291fd807b151e254489c3f501b6968] /home/users/tongzhen/xhprof/bfwphpapp/lib/mysql.php 45
2016-03-09 11:47:36	8:Notice [Undefined index: dee66c4bd04bd915d4a7a972414538cf] /home/users/tongzhen/xhprof/bfwphpapp/lib/mysql.php 45
2016-03-09 11:47:36	8:Notice [Undefined index: 74de96888132177205d7ee79a90144a8] /home/users/tongzhen/xhprof/bfwphpapp/lib/mysql.php 45
2016-03-09 11:47:36	8:Notice [Undefined index: dc2546c09a2f49f19db26467149ba874] /home/users/tongzhen/xhprof/bfwphpapp/lib/mysql.php 45
2016-03-09 11:47:36	8:Notice [Undefined index: 2f9a844578bb44672ff6d2c96881afe8] /home/users/tongzhen/xhprof/bfwphpapp/lib/mysql.php 45
2016-03-09 11:47:36	8:Notice [Undefined index: 91aa578c41ddc5a0f8cfc5a13a30fd82] /home/users/tongzhen/xhprof/bfwphpapp/lib/mysql.php 45
2016-03-09 11:47:36	8:Notice [Undefined index: 5d7634ddefa9a586637206d0dcd05cd8] /home/users/tongzhen/xhprof/bfwphpapp/lib/mysql.php 45
2016-03-09 11:47:36	8:Notice [Undefined index: 9326ab7896f3aaed8ce2edc6798374f6] /home/users/tongzhen/xhprof/bfwphpapp/lib/mysql.php 45
2016-03-09 11:47:36	8:Notice [Undefined index: 540643422db20e6f25aec0b48fffcea7] /home/users/tongzhen/xhprof/bfwphpapp/lib/mysql.php 45
2016-03-09 11:47:36	8:Notice [Undefined index: a7de7f44b2bc44be0ea094f37fce264b] /home/users/tongzhen/xhprof/bfwphpapp/lib/mysql.php 45
2016-03-09 11:47:36	8:Notice [Undefined index: 71b6755a76d49b75991789f9ee029175] /home/users/tongzhen/xhprof/bfwphpapp/lib/mysql.php 45
2016-03-09 11:47:36	8:Notice [Undefined index: 166c54cfe204ddee330a263d8a2136fc] /home/users/tongzhen/xhprof/bfwphpapp/lib/mysql.php 45
2016-03-09 11:47:36	8:Notice [Undefined index: 0f71a4dab5bb12a2b74bebb985ee29d4] /home/users/tongzhen/xhprof/bfwphpapp/lib/mysql.php 45
2016-03-09 11:47:36	8:Notice [Undefined index: 961ff09a341e822fdfc42ba63675ff3f] /home/users/tongzhen/xhprof/bfwphpapp/lib/mysql.php 45
2016-03-09 11:47:36	8:Notice [Undefined index: 24f13a661bd83d1385ffe52fad05bcbb] /home/users/tongzhen/xhprof/bfwphpapp/lib/mysql.php 45
2016-03-09 11:47:36	8:Notice [Undefined index: 725a042c390e51089897a11d48fdf82f] /home/users/tongzhen/xhprof/bfwphpapp/lib/mysql.php 45
2016-03-09 11:47:36	8:Notice [Undefined index: cc256fd4d01dd2b68c55b9b3f6e52e06] /home/users/tongzhen/xhprof/bfwphpapp/lib/mysql.php 45
2016-03-09 11:47:36	8:Notice [Undefined index: 382d5bcd1b770c270c80e35e26249276] /home/users/tongzhen/xhprof/bfwphpapp/lib/mysql.php 45
2016-03-09 11:47:36	8:Notice [Undefined index: 627a502630e8c058e4301179cc6d94d3] /home/users/tongzhen/xhprof/bfwphpapp/lib/mysql.php 45
2016-03-09 11:47:36	8:Notice [Undefined index: 7e626e61311e3e21ec86f4d0783c16d1] /home/users/tongzhen/xhprof/bfwphpapp/lib/mysql.php 45
2016-03-09 11:47:36	8:Notice [Undefined index: 5907e0df4b5a0c881806e431f785bd2c] /home/users/tongzhen/xhprof/bfwphpapp/lib/mysql.php 45
2016-03-09 11:47:36	8:Notice [Undefined index: 381f25c9fb0c0b28a74186236db6463e] /home/users/tongzhen/xhprof/bfwphpapp/lib/mysql.php 45
2016-03-09 11:47:36	8:Notice [Undefined index: e494e96304566b47df33beb4534a5a3a] /home/users/tongzhen/xhprof/bfwphpapp/lib/mysql.php 45
2016-03-09 11:47:36	8:Notice [Undefined index: 6bb6c9fe3d2c609abf8cc1ff296af7a1] /home/users/tongzhen/xhprof/bfwphpapp/lib/mysql.php 45
2016-03-09 11:47:36	8:Notice [Undefined index: da4232a7c4709e795ca38286c0e24a0a] /home/users/tongzhen/xhprof/bfwphpapp/lib/mysql.php 45
2016-03-09 11:47:36	8:Notice [Undefined index: 4dbe03ba9ffac9bc8bd8c4b9bb2e76b1] /home/users/tongzhen/xhprof/bfwphpapp/lib/mysql.php 45
2016-03-09 11:47:36	8:Notice [Undefined index: 35e02628a4b5f3e2744190907e9cde15] /home/users/tongzhen/xhprof/bfwphpapp/lib/mysql.php 45
2016-03-09 11:47:36	8:Notice [Undefined index: 3d7dcae077746ab8a668064f9a8342ec] /home/users/tongzhen/xhprof/bfwphpapp/lib/mysql.php 45
2016-03-09 11:47:36	8:Notice [Undefined index: 8f68123fd00a0f8d0cb921890d7b9fb2] /home/users/tongzhen/xhprof/bfwphpapp/lib/mysql.php 45
2016-03-09 11:47:36	8:Notice [Undefined index: 8d75d55c2cda2fc954d7afaa2fd6fe40] /home/users/tongzhen/xhprof/bfwphpapp/lib/mysql.php 45
2016-03-09 11:47:36	8:Notice [Undefined index: 995485cfe842e1695e5725d18ae37c51] /home/users/tongzhen/xhprof/bfwphpapp/lib/mysql.php 45
2016-03-09 11:47:36	8:Notice [Undefined index: 8bc5d3df5fbcf44e1d398c2f3a7ee7ba] /home/users/tongzhen/xhprof/bfwphpapp/lib/mysql.php 45
2016-03-09 11:47:36	8:Notice [Undefined index: 330f9523757d6c04989d64be1430bb9d] /home/users/tongzhen/xhprof/bfwphpapp/lib/mysql.php 45
2016-03-09 11:47:36	8:Notice [Undefined index: 1b5c92ad912546512597b61ae881ba7f] /home/users/tongzhen/xhprof/bfwphpapp/lib/mysql.php 45
2016-03-09 11:47:36	8:Notice [Undefined index: 59481df1503deac393e6bb1531945f42] /home/users/tongzhen/xhprof/bfwphpapp/lib/mysql.php 45
2016-03-09 11:47:36	8:Notice [Undefined index: b96db2f74804ddefba93b400093b72a4] /home/users/tongzhen/xhprof/bfwphpapp/lib/mysql.php 45
2016-03-09 11:47:36	8:Notice [Undefined index: 6ab09d83bc78a2a8f975e58230cccf9f] /home/users/tongzhen/xhprof/bfwphpapp/lib/mysql.php 45
2016-03-09 11:47:36	8:Notice [Undefined index: cd3cacf09ce9e2ea5acd74fb95a1262e] /home/users/tongzhen/xhprof/bfwphpapp/lib/mysql.php 45
2016-03-09 11:47:36	8:Notice [Undefined index: aa82bc75365a0b1f74643137939d0a91] /home/users/tongzhen/xhprof/bfwphpapp/lib/mysql.php 45
2016-03-09 11:47:36	8:Notice [Undefined index: 6ed3543b852b020bb1550254a651a82e] /home/users/tongzhen/xhprof/bfwphpapp/lib/mysql.php 45
2016-03-09 11:47:36	8:Notice [Undefined index: 4e4756d5d24c77dbad2dd6956f6cbf0e] /home/users/tongzhen/xhprof/bfwphpapp/lib/mysql.php 45
2016-03-09 11:47:36	8:Notice [Undefined index: 75ff900d04822e64f4c54dc3595ceeb0] /home/users/tongzhen/xhprof/bfwphpapp/lib/mysql.php 45
2016-03-09 11:47:36	8:Notice [Undefined index: bd555746e748fda09cd2d48009934a09] /home/users/tongzhen/xhprof/bfwphpapp/lib/mysql.php 45
2016-03-09 11:47:36	8:Notice [Undefined index: 82091b8ff29fd14b97c1159d06e44f5b] /home/users/tongzhen/xhprof/bfwphpapp/lib/mysql.php 45
2016-03-09 11:47:36	8:Notice [Undefined index: 56e6c557b5f51ecb7c0e0b09d7ab6f2a] /home/users/tongzhen/xhprof/bfwphpapp/lib/mysql.php 45
2016-03-09 11:47:36	8:Notice [Undefined index: efc95211a20e9e62489d5a45edc7e616] /home/users/tongzhen/xhprof/bfwphpapp/lib/mysql.php 45
2016-03-09 11:47:36	8:Notice [Undefined index: 583bb45279f9db64689b0dbb1198caee] /home/users/tongzhen/xhprof/bfwphpapp/lib/mysql.php 45
2016-03-09 11:47:36	8:Notice [Undefined index: 469278973bb492eb2ed03923b9910d4d] /home/users/tongzhen/xhprof/bfwphpapp/lib/mysql.php 45
2016-03-09 11:47:36	8:Notice [Undefined index: 42288dc6ff095e758be68e9140f0038b] /home/users/tongzhen/xhprof/bfwphpapp/lib/mysql.php 45
2016-03-09 11:47:36	8:Notice [Undefined index: 9fc180b8b7a1c7283de3e9866b8aa064] /home/users/tongzhen/xhprof/bfwphpapp/lib/mysql.php 45
2016-03-09 11:47:36	8:Notice [Undefined index: f32ef80d611fd3a24c921c5ab5d16c71] /home/users/tongzhen/xhprof/bfwphpapp/lib/mysql.php 45
2016-03-09 11:47:36	8:Notice [Undefined index: b61e1ee73db4e99cda57e1f5c2500ccb] /home/users/tongzhen/xhprof/bfwphpapp/lib/mysql.php 45
2016-03-09 11:47:36	8:Notice [Undefined index: 6714e217b11ab692e217382fd07b7278] /home/users/tongzhen/xhprof/bfwphpapp/lib/mysql.php 45
2016-03-09 11:47:36	8:Notice [Undefined index: 8024c5a4d6fd8b3e5ff23b734347b948] /home/users/tongzhen/xhprof/bfwphpapp/lib/mysql.php 45
2016-03-09 11:47:36	8:Notice [Undefined index: ae960a2452c6f272eca9e9386df8cd05] /home/users/tongzhen/xhprof/bfwphpapp/lib/mysql.php 45
2016-03-09 11:47:36	8:Notice [Undefined index: c923c56febbd30230026bdcf0ccd854d] /home/users/tongzhen/xhprof/bfwphpapp/lib/mysql.php 45
2016-03-09 11:47:36	8:Notice [Undefined index: e59564c7e046da8fa37b4223a24b226e] /home/users/tongzhen/xhprof/bfwphpapp/lib/mysql.php 45
2016-03-09 11:47:36	8:Notice [Undefined index: 6cfc849d1472fb4be6df6b239b0578c6] /home/users/tongzhen/xhprof/bfwphpapp/lib/mysql.php 45
2016-03-09 11:47:36	8:Notice [Undefined index: f6327083f9056165c733f6fe1e27321e] /home/users/tongzhen/xhprof/bfwphpapp/lib/mysql.php 45
2016-03-09 11:47:36	8:Notice [Undefined index: 23eb795ca12bb762673dc338683b65a1] /home/users/tongzhen/xhprof/bfwphpapp/lib/mysql.php 45
2016-03-09 11:47:36	8:Notice [Undefined index: 29c8a45087cb2c77f693f578c877394a] /home/users/tongzhen/xhprof/bfwphpapp/lib/mysql.php 45
2016-03-09 11:47:36	8:Notice [Undefined index: b83bae5adbf976c07c9e7f358f3554a4] /home/users/tongzhen/xhprof/bfwphpapp/lib/mysql.php 45
2016-03-09 11:47:36	8:Notice [Undefined index: e390aece4f2429adb72e47c204333857] /home/users/tongzhen/xhprof/bfwphpapp/lib/mysql.php 45
2016-03-09 11:47:36	8:Notice [Undefined index: 2b16ca26113c9d930ada13395677af49] /home/users/tongzhen/xhprof/bfwphpapp/lib/mysql.php 45
2016-03-09 11:47:36	8:Notice [Undefined index: b162ced88319b7dea13c57e504bac098] /home/users/tongzhen/xhprof/bfwphpapp/lib/mysql.php 45
2016-03-09 11:47:36	8:Notice [Undefined index: 5aa9c1c7d862d9495c891dab7583c03d] /home/users/tongzhen/xhprof/bfwphpapp/lib/mysql.php 45
2016-03-09 11:47:36	8:Notice [Undefined index: a93c14c4beea2ecf904b24050a88088d] /home/users/tongzhen/xhprof/bfwphpapp/lib/mysql.php 45
2016-03-09 11:47:36	8:Notice [Undefined index: 873355d8281ed3b0e8cc7db547d35c12] /home/users/tongzhen/xhprof/bfwphpapp/lib/mysql.php 45
2016-03-09 11:47:36	8:Notice [Undefined index: a2ee41ba448fa4ca912de0f5b8cd3c31] /home/users/tongzhen/xhprof/bfwphpapp/lib/mysql.php 45
2016-03-09 11:47:36	8:Notice [Undefined index: ea557832692a70bb83c03480e95ca998] /home/users/tongzhen/xhprof/bfwphpapp/lib/mysql.php 45
2016-03-09 11:47:36	8:Notice [Undefined index: 276e513519a61e4b56e925430ebec150] /home/users/tongzhen/xhprof/bfwphpapp/lib/mysql.php 45
2016-03-09 11:47:36	8:Notice [Undefined index: 0fee47b4391462e4eccee9d890e8b89e] /home/users/tongzhen/xhprof/bfwphpapp/lib/mysql.php 45
2016-03-09 11:47:36	8:Notice [Undefined index: 5ee881580f3bd683eb509385ee267aeb] /home/users/tongzhen/xhprof/bfwphpapp/lib/mysql.php 45
2016-03-09 11:47:36	8:Notice [Undefined index: 7248b59c575e6cd87f26d4383701ab47] /home/users/tongzhen/xhprof/bfwphpapp/lib/mysql.php 45
2016-03-09 11:47:36	8:Notice [Undefined index: dfa1b5ded0db539b27e710205954e0c2] /home/users/tongzhen/xhprof/bfwphpapp/lib/mysql.php 45
2016-03-09 11:47:36	8:Notice [Undefined index: ef899e2efb3e82cb3fcdd33f49f6f8f9] /home/users/tongzhen/xhprof/bfwphpapp/lib/mysql.php 45
2016-03-09 11:47:36	8:Notice [Undefined index: 72289ce51c7e92fb59c2ed3f908372f5] /home/users/tongzhen/xhprof/bfwphpapp/lib/mysql.php 45
2016-03-09 11:47:36	8:Notice [Undefined index: 7a83f224c92a7f49468c55626b408e9c] /home/users/tongzhen/xhprof/bfwphpapp/lib/mysql.php 45
2016-03-09 11:47:36	8:Notice [Undefined index: e48336ced6be52976f437a79e20c00ab] /home/users/tongzhen/xhprof/bfwphpapp/lib/mysql.php 45
2016-03-09 11:47:36	8:Notice [Undefined index: eb418e4039028e65eb7c0acc38d70d9e] /home/users/tongzhen/xhprof/bfwphpapp/lib/mysql.php 45
2016-03-09 11:47:36	8:Notice [Undefined index: d65389d550eb5eab85f9450c4500aa31] /home/users/tongzhen/xhprof/bfwphpapp/lib/mysql.php 45
2016-03-09 11:47:36	8:Notice [Undefined index: e22015105ffd4017962206b4a32ff10f] /home/users/tongzhen/xhprof/bfwphpapp/lib/mysql.php 45
2016-03-09 11:47:36	8:Notice [Undefined index: f1eb0de07d9ab20c8a43765370b012be] /home/users/tongzhen/xhprof/bfwphpapp/lib/mysql.php 45
2016-03-09 11:47:36	8:Notice [Undefined index: 03bbaba9a4f39c9116a9940ccb2b54bd] /home/users/tongzhen/xhprof/bfwphpapp/lib/mysql.php 45
2016-03-09 11:47:36	8:Notice [Undefined index: c9c61455cfcb34f1c003ace8c73f7acb] /home/users/tongzhen/xhprof/bfwphpapp/lib/mysql.php 45
2016-03-09 11:47:36	8:Notice [Undefined index: 44ea67f1b6315ec25b59a8119eafbb3e] /home/users/tongzhen/xhprof/bfwphpapp/lib/mysql.php 45
2016-03-09 11:47:36	8:Notice [Undefined index: fd63991ce82090b36541b13c8fea9f6e] /home/users/tongzhen/xhprof/bfwphpapp/lib/mysql.php 45
2016-03-09 11:47:36	8:Notice [Undefined index: 10f717fdbd1e3ee36b5613a896a10334] /home/users/tongzhen/xhprof/bfwphpapp/lib/mysql.php 45
2016-03-09 11:47:36	8:Notice [Undefined index: ff913c82e549a3115d5153f9e6df9979] /home/users/tongzhen/xhprof/bfwphpapp/lib/mysql.php 45
2016-03-09 11:47:36	8:Notice [Undefined index: fdad2a03117cf7a486ab286b620d8b32] /home/users/tongzhen/xhprof/bfwphpapp/lib/mysql.php 45
2016-03-09 11:47:36	8:Notice [Undefined index: 2a196dec5d2387b2a09bdf1b1ab0385d] /home/users/tongzhen/xhprof/bfwphpapp/lib/mysql.php 45
2016-03-09 11:47:36	8:Notice [Undefined index: b5aba664674cd1cbead76e8ebdcdb230] /home/users/tongzhen/xhprof/bfwphpapp/lib/mysql.php 45
2016-03-09 11:47:36	8:Notice [Undefined index: 131b94bcae37a23aec435befe063a358] /home/users/tongzhen/xhprof/bfwphpapp/lib/mysql.php 45
2016-03-09 11:47:36	8:Notice [Undefined index: 4021ae99dab69e50d70a3cd4e5d20a9e] /home/users/tongzhen/xhprof/bfwphpapp/lib/mysql.php 45
2016-03-09 11:47:36	8:Notice [Undefined index: aa9fca552571aa91547e0e58f7a4942f] /home/users/tongzhen/xhprof/bfwphpapp/lib/mysql.php 45
2016-03-09 11:47:36	8:Notice [Undefined index: 4e7480665c0cc245434baf12256bf9ba] /home/users/tongzhen/xhprof/bfwphpapp/lib/mysql.php 45
2016-03-09 11:47:36	8:Notice [Undefined index: a8e78e21b8b3b2ea9e2b2e6dcca8e519] /home/users/tongzhen/xhprof/bfwphpapp/lib/mysql.php 45
2016-03-09 11:47:36	8:Notice [Undefined index: 0031a70a351fe68e61ba32f6226ac037] /home/users/tongzhen/xhprof/bfwphpapp/lib/mysql.php 45
2016-03-09 11:47:36	8:Notice [Undefined index: 311abcc8a51f262d3a275bc79ed28ea7] /home/users/tongzhen/xhprof/bfwphpapp/lib/mysql.php 45
2016-03-09 11:47:36	8:Notice [Undefined index: 21a3855fd6abb960baa157def1090611] /home/users/tongzhen/xhprof/bfwphpapp/lib/mysql.php 45
2016-03-09 11:47:36	8:Notice [Undefined index: 1d651022b74bd3e29afd00884780bdf4] /home/users/tongzhen/xhprof/bfwphpapp/lib/mysql.php 45
2016-03-09 11:47:36	8:Notice [Undefined index: 4fec1851ce662536f4ba1bffa050e800] /home/users/tongzhen/xhprof/bfwphpapp/lib/mysql.php 45
2016-03-09 11:47:36	8:Notice [Undefined index: 509bdd2ee9c34876469f763a39882334] /home/users/tongzhen/xhprof/bfwphpapp/lib/mysql.php 45
2016-03-09 11:47:36	8:Notice [Undefined index: 7de5207f74d32451e5e3f67634f8cc4b] /home/users/tongzhen/xhprof/bfwphpapp/lib/mysql.php 45
2016-03-09 11:47:36	8:Notice [Undefined index: 4c4603581ca01eb39c0d8ab8a7e49c13] /home/users/tongzhen/xhprof/bfwphpapp/lib/mysql.php 45
2016-03-09 11:47:36	8:Notice [Undefined index: 5de67a8538e54102368aa85d9f35ee0f] /home/users/tongzhen/xhprof/bfwphpapp/lib/mysql.php 45
2016-03-09 11:47:36	8:Notice [Undefined index: b4dd3e3d6eb2ead5afc3233450db4c2e] /home/users/tongzhen/xhprof/bfwphpapp/lib/mysql.php 45
2016-03-09 11:47:36	8:Notice [Undefined index: e60d5c3452c446d83139f88196028a78] /home/users/tongzhen/xhprof/bfwphpapp/lib/mysql.php 45
2016-03-09 11:47:36	8:Notice [Undefined index: bf64a4e264bf7fd84f8e2af19f0fc3bd] /home/users/tongzhen/xhprof/bfwphpapp/lib/mysql.php 45
2016-03-09 11:47:36	8:Notice [Undefined index: b3d5b74d6dd178dd4dbc8fa95e32173f] /home/users/tongzhen/xhprof/bfwphpapp/lib/mysql.php 45
2016-03-09 11:47:36	8:Notice [Undefined index: 34211cdaf6b355c30899eb1b6b2fddbf] /home/users/tongzhen/xhprof/bfwphpapp/lib/mysql.php 45
2016-03-09 11:47:36	8:Notice [Undefined index: c9e67c81d4de836df846ee9276b2c89a] /home/users/tongzhen/xhprof/bfwphpapp/lib/mysql.php 45
2016-03-09 11:47:36	8:Notice [Undefined index: d4a971066d234eb6299604ae9e74def9] /home/users/tongzhen/xhprof/bfwphpapp/lib/mysql.php 45
2016-03-09 11:47:36	8:Notice [Undefined index: 1513349df85ba7e0dace1450ad164d53] /home/users/tongzhen/xhprof/bfwphpapp/lib/mysql.php 45
2016-03-09 11:47:36	8:Notice [Undefined index: 45371160ffeab298c01a8b27207c5693] /home/users/tongzhen/xhprof/bfwphpapp/lib/mysql.php 45
2016-03-09 11:47:36	8:Notice [Undefined variable: cmu] /home/users/tongzhen/xhprof/bfwphpapp/resqueshow/class/obj/caculate/caculate.php 22
2016-03-09 11:47:36	8:Notice [Undefined variable: cmu] /home/users/tongzhen/xhprof/bfwphpapp/resqueshow/class/obj/caculate/caculate.php 22
2016-03-09 11:47:49	8:Notice [Undefined variable: argv] /home/users/tongzhen/xhprof/bfwphpapp/lib/app.php 38
2016-03-09 11:47:49	8:Notice [Undefined index: a19c01d3a0f8251ac55acbe086632613] /home/users/tongzhen/xhprof/bfwphpapp/lib/mysql.php 45
2016-03-09 11:47:49	2:Warning [Invalid argument supplied for foreach()] /home/users/tongzhen/xhprof/bfwphpapp/lib/view.php 16
2016-03-09 11:47:49	8:Notice [Undefined index: 6c9fd725c6e1ebcfafca8afd6aaf9441] /home/users/tongzhen/xhprof/bfwphpapp/lib/mysql.php 25
2016-03-09 11:47:49	8:Notice [Undefined index: df5a057054b9253242d176d648e84bc0] /home/users/tongzhen/xhprof/bfwphpapp/lib/mysql.php 45
2016-03-09 11:47:49	8:Notice [Undefined index: timestamp] /home/users/tongzhen/xhprof/bfwphpapp/resqueshow/tpl/statrequest/index.php 162
2016-03-09 11:47:49	8:Notice [Undefined index: timestamp] /home/users/tongzhen/xhprof/bfwphpapp/resqueshow/tpl/statrequest/index.php 162
2016-03-09 11:47:49	8:Notice [Undefined index: timestamp] /home/users/tongzhen/xhprof/bfwphpapp/resqueshow/tpl/statrequest/index.php 162
2016-03-09 11:47:49	8:Notice [Undefined index: timestamp] /home/users/tongzhen/xhprof/bfwphpapp/resqueshow/tpl/statrequest/index.php 162
2016-03-09 11:47:49	8:Notice [Undefined index: timestamp] /home/users/tongzhen/xhprof/bfwphpapp/resqueshow/tpl/statrequest/index.php 162
2016-03-09 11:47:49	8:Notice [Undefined index: timestamp] /home/users/tongzhen/xhprof/bfwphpapp/resqueshow/tpl/statrequest/index.php 162
2016-03-09 11:47:49	8:Notice [Undefined index: timestamp] /home/users/tongzhen/xhprof/bfwphpapp/resqueshow/tpl/statrequest/index.php 162
2016-03-09 11:47:49	8:Notice [Undefined index: timestamp] /home/users/tongzhen/xhprof/bfwphpapp/resqueshow/tpl/statrequest/index.php 162
2016-03-09 11:48:34	8:Notice [Undefined variable: argv] /home/users/tongzhen/xhprof/bfwphpapp/lib/app.php 38
2016-03-09 11:48:34	8:Notice [Undefined index: a19c01d3a0f8251ac55acbe086632613] /home/users/tongzhen/xhprof/bfwphpapp/lib/mysql.php 45
2016-03-09 11:48:34	2:Warning [Invalid argument supplied for foreach()] /home/users/tongzhen/xhprof/bfwphpapp/lib/view.php 16
2016-03-09 11:48:34	8:Notice [Undefined index: e9f0166326b079b3be6df4ec62ab436f] /home/users/tongzhen/xhprof/bfwphpapp/lib/mysql.php 25
2016-03-09 11:48:34	8:Notice [Undefined index: e47b5370e79392ae5039f744503d70f7] /home/users/tongzhen/xhprof/bfwphpapp/lib/mysql.php 45
2016-03-09 11:48:34	8:Notice [Undefined index: timestamp] /home/users/tongzhen/xhprof/bfwphpapp/resqueshow/tpl/statrequest/index.php 162
2016-03-09 11:48:34	8:Notice [Undefined index: timestamp] /home/users/tongzhen/xhprof/bfwphpapp/resqueshow/tpl/statrequest/index.php 162
2016-03-09 11:48:34	8:Notice [Undefined index: timestamp] /home/users/tongzhen/xhprof/bfwphpapp/resqueshow/tpl/statrequest/index.php 162
2016-03-09 11:48:34	8:Notice [Undefined index: timestamp] /home/users/tongzhen/xhprof/bfwphpapp/resqueshow/tpl/statrequest/index.php 162
2016-03-09 11:48:34	8:Notice [Undefined index: timestamp] /home/users/tongzhen/xhprof/bfwphpapp/resqueshow/tpl/statrequest/index.php 162
2016-03-09 11:48:34	8:Notice [Undefined index: timestamp] /home/users/tongzhen/xhprof/bfwphpapp/resqueshow/tpl/statrequest/index.php 162
2016-03-09 11:48:34	8:Notice [Undefined index: timestamp] /home/users/tongzhen/xhprof/bfwphpapp/resqueshow/tpl/statrequest/index.php 162
2016-03-09 11:48:34	8:Notice [Undefined index: timestamp] /home/users/tongzhen/xhprof/bfwphpapp/resqueshow/tpl/statrequest/index.php 162
2016-03-09 11:53:06	8:Notice [Undefined variable: argv] /home/users/tongzhen/xhprof/bfwphpapp/lib/app.php 38
2016-03-09 11:53:06	8:Notice [Undefined index: a19c01d3a0f8251ac55acbe086632613] /home/users/tongzhen/xhprof/bfwphpapp/lib/mysql.php 45
2016-03-09 11:53:06	2:Warning [Invalid argument supplied for foreach()] /home/users/tongzhen/xhprof/bfwphpapp/lib/view.php 16
2016-03-09 11:53:06	8:Notice [Undefined index: f66192795059726dd872082891955db6] /home/users/tongzhen/xhprof/bfwphpapp/lib/mysql.php 25
2016-03-09 11:53:06	8:Notice [Undefined index: c69010ce03332479a36a658b7bf66416] /home/users/tongzhen/xhprof/bfwphpapp/lib/mysql.php 45
2016-03-09 11:53:06	8:Notice [Undefined index: timestamp] /home/users/tongzhen/xhprof/bfwphpapp/resqueshow/tpl/statrequest/index.php 162
2016-03-09 11:53:06	8:Notice [Undefined index: timestamp] /home/users/tongzhen/xhprof/bfwphpapp/resqueshow/tpl/statrequest/index.php 162
2016-03-09 11:53:06	8:Notice [Undefined index: timestamp] /home/users/tongzhen/xhprof/bfwphpapp/resqueshow/tpl/statrequest/index.php 162
2016-03-09 11:53:06	8:Notice [Undefined index: timestamp] /home/users/tongzhen/xhprof/bfwphpapp/resqueshow/tpl/statrequest/index.php 162
2016-03-09 11:53:06	8:Notice [Undefined index: timestamp] /home/users/tongzhen/xhprof/bfwphpapp/resqueshow/tpl/statrequest/index.php 162
2016-03-09 11:53:06	8:Notice [Undefined index: timestamp] /home/users/tongzhen/xhprof/bfwphpapp/resqueshow/tpl/statrequest/index.php 162
2016-03-09 11:53:06	8:Notice [Undefined index: timestamp] /home/users/tongzhen/xhprof/bfwphpapp/resqueshow/tpl/statrequest/index.php 162
2016-03-09 11:53:06	8:Notice [Undefined index: timestamp] /home/users/tongzhen/xhprof/bfwphpapp/resqueshow/tpl/statrequest/index.php 162
