2016-03-09 13:29:32	8:Notice [Undefined variable: argv] /home/users/tongzhen/xhprof/bfwphpapp/lib/app.php 38
2016-03-09 13:29:32	8:Notice [Undefined index: a19c01d3a0f8251ac55acbe086632613] /home/users/tongzhen/xhprof/bfwphpapp/lib/mysql.php 45
2016-03-09 13:29:32	2:Warning [Invalid argument supplied for foreach()] /home/users/tongzhen/xhprof/bfwphpapp/lib/view.php 16
2016-03-09 13:29:32	8:Notice [Undefined index: 4e1cb11aa1c8b82c10cdb10699635630] /home/users/tongzhen/xhprof/bfwphpapp/lib/mysql.php 25
2016-03-09 13:29:32	8:Notice [Undefined index: f55f085e0b380b4efa57040f538dede6] /home/users/tongzhen/xhprof/bfwphpapp/lib/mysql.php 45
2016-03-09 13:29:32	8:Notice [Undefined index: timestamp] /home/users/tongzhen/xhprof/bfwphpapp/resqueshow/tpl/statrequest/index.php 162
2016-03-09 13:29:32	8:Notice [Undefined index: timestamp] /home/users/tongzhen/xhprof/bfwphpapp/resqueshow/tpl/statrequest/index.php 162
2016-03-09 13:29:32	8:Notice [Undefined index: timestamp] /home/users/tongzhen/xhprof/bfwphpapp/resqueshow/tpl/statrequest/index.php 162
2016-03-09 13:29:32	8:Notice [Undefined index: timestamp] /home/users/tongzhen/xhprof/bfwphpapp/resqueshow/tpl/statrequest/index.php 162
2016-03-09 13:29:32	8:Notice [Undefined index: timestamp] /home/users/tongzhen/xhprof/bfwphpapp/resqueshow/tpl/statrequest/index.php 162
2016-03-09 13:29:32	8:Notice [Undefined index: timestamp] /home/users/tongzhen/xhprof/bfwphpapp/resqueshow/tpl/statrequest/index.php 162
2016-03-09 13:29:32	8:Notice [Undefined index: timestamp] /home/users/tongzhen/xhprof/bfwphpapp/resqueshow/tpl/statrequest/index.php 162
2016-03-09 13:29:32	8:Notice [Undefined index: timestamp] /home/users/tongzhen/xhprof/bfwphpapp/resqueshow/tpl/statrequest/index.php 162
2016-03-09 13:38:17	8:Notice [Undefined variable: argv] /home/users/tongzhen/xhprof/bfwphpapp/lib/app.php 38
2016-03-09 13:38:17	8:Notice [Undefined index: a19c01d3a0f8251ac55acbe086632613] /home/users/tongzhen/xhprof/bfwphpapp/lib/mysql.php 45
2016-03-09 13:38:17	2:Warning [Invalid argument supplied for foreach()] /home/users/tongzhen/xhprof/bfwphpapp/lib/view.php 16
2016-03-09 13:38:17	8:Notice [Undefined index: 99f288f66dd35ed74eb9ac997ff4c144] /home/users/tongzhen/xhprof/bfwphpapp/lib/mysql.php 45
2016-03-09 13:38:17	2:Warning [Invalid argument supplied for foreach()] /home/users/tongzhen/xhprof/bfwphpapp/lib/view.php 16
2016-03-09 13:38:17	8:Notice [Undefined index: 622f822e5acaf9af96fd08a76bdcf6fa] /home/users/tongzhen/xhprof/bfwphpapp/lib/mysql.php 45
2016-03-09 13:38:17	2:Warning [Invalid argument supplied for foreach()] /home/users/tongzhen/xhprof/bfwphpapp/lib/view.php 16
2016-03-09 13:38:17	8:Notice [Undefined index: 2a2cc02f3ee5a15e9e46e4d6455204fb] /home/users/tongzhen/xhprof/bfwphpapp/lib/mysql.php 45
2016-03-09 13:38:17	8:Notice [Undefined index: 868eade1c14fac2dc75c7c1059c2004e] /home/users/tongzhen/xhprof/bfwphpapp/lib/mysql.php 45
2016-03-09 13:38:17	8:Notice [Undefined index: 8cd7220197189c9e03a1134ed0dcac02] /home/users/tongzhen/xhprof/bfwphpapp/lib/mysql.php 45
2016-03-09 13:38:17	8:Notice [Undefined index: 1dfd7861ca7b95bd72b41041b111ead5] /home/users/tongzhen/xhprof/bfwphpapp/lib/mysql.php 45
2016-03-09 13:38:17	8:Notice [Undefined index: 489b5c37c2aa571161d2e8a68027e59b] /home/users/tongzhen/xhprof/bfwphpapp/lib/mysql.php 45
2016-03-09 13:38:17	8:Notice [Undefined variable: cmu] /home/users/tongzhen/xhprof/bfwphpapp/resqueshow/class/obj/caculate/caculate.php 22
2016-03-09 13:38:17	8:Notice [Undefined index: 80efd9ee0f12a13ca9e9fe9f546c9c21] /home/users/tongzhen/xhprof/bfwphpapp/lib/mysql.php 45
2016-03-09 13:38:17	8:Notice [Undefined index: cd111064809005cc353ee3c54d842fb5] /home/users/tongzhen/xhprof/bfwphpapp/lib/mysql.php 45
2016-03-09 13:38:17	8:Notice [Undefined index: 33d8b6d3631bd939d178f8abc1a042a3] /home/users/tongzhen/xhprof/bfwphpapp/lib/mysql.php 45
2016-03-09 13:38:17	8:Notice [Undefined index: e9b9af75509e188a09d588e3e543d579] /home/users/tongzhen/xhprof/bfwphpapp/lib/mysql.php 45
2016-03-09 13:38:17	8:Notice [Undefined index: ff8c2fe26d426778bd909ad88ea0d42c] /home/users/tongzhen/xhprof/bfwphpapp/lib/mysql.php 45
2016-03-09 13:38:17	8:Notice [Undefined index: de5c27dd4d9e2da9a044cd0cb3de6134] /home/users/tongzhen/xhprof/bfwphpapp/lib/mysql.php 45
2016-03-09 13:38:17	8:Notice [Undefined index: 90ec26762c9bbc4dcaa0fd190465c62b] /home/users/tongzhen/xhprof/bfwphpapp/lib/mysql.php 45
2016-03-09 13:38:17	8:Notice [Undefined index: afc1745e67711c9837ea106b4210bc13] /home/users/tongzhen/xhprof/bfwphpapp/lib/mysql.php 45
2016-03-09 13:38:17	8:Notice [Undefined index: edd297db2abb3ed530f8c9733216e403] /home/users/tongzhen/xhprof/bfwphpapp/lib/mysql.php 45
2016-03-09 13:38:17	8:Notice [Undefined index: 10a508372061daa3bef2d2f74aa9a247] /home/users/tongzhen/xhprof/bfwphpapp/lib/mysql.php 45
2016-03-09 13:38:17	8:Notice [Undefined index: 137e606636a14a4dab4ec1a34057916e] /home/users/tongzhen/xhprof/bfwphpapp/lib/mysql.php 45
2016-03-09 13:38:17	8:Notice [Undefined index: b9234d73bd5c6692588d160626fb0e2d] /home/users/tongzhen/xhprof/bfwphpapp/lib/mysql.php 45
2016-03-09 13:38:17	8:Notice [Undefined index: 6aaed2a4037138624600ee52b4c0426c] /home/users/tongzhen/xhprof/bfwphpapp/lib/mysql.php 45
2016-03-09 13:38:17	8:Notice [Undefined index: f522af56210ea1b3d0a81ee6b3402f5d] /home/users/tongzhen/xhprof/bfwphpapp/lib/mysql.php 45
2016-03-09 13:38:17	8:Notice [Undefined index: 4482b3d7281cb06814f42cf8b0e8daab] /home/users/tongzhen/xhprof/bfwphpapp/lib/mysql.php 45
2016-03-09 13:38:17	8:Notice [Undefined index: ca5a433a6c7e954fca863ea5b04a6859] /home/users/tongzhen/xhprof/bfwphpapp/lib/mysql.php 45
2016-03-09 13:38:17	8:Notice [Undefined index: 5178391c75572aa91748c546da474d4c] /home/users/tongzhen/xhprof/bfwphpapp/lib/mysql.php 45
2016-03-09 13:38:17	8:Notice [Undefined index: b2fb44b70d47fb69deba824fdc847b89] /home/users/tongzhen/xhprof/bfwphpapp/lib/mysql.php 45
2016-03-09 13:38:17	8:Notice [Undefined index: c370b1983fa082738fe88198ce2f4e85] /home/users/tongzhen/xhprof/bfwphpapp/lib/mysql.php 45
2016-03-09 13:38:17	8:Notice [Undefined index: f951d6d21b0b06b8a87a72dbcf6bcfdd] /home/users/tongzhen/xhprof/bfwphpapp/lib/mysql.php 45
2016-03-09 13:38:17	8:Notice [Undefined index: f02f4327c9335b60bc3563167984fd2c] /home/users/tongzhen/xhprof/bfwphpapp/lib/mysql.php 45
2016-03-09 13:38:17	8:Notice [Undefined index: 6bcaa1016c0e0df9d2d2a3f5e788b3bc] /home/users/tongzhen/xhprof/bfwphpapp/lib/mysql.php 45
2016-03-09 13:38:17	8:Notice [Undefined index: c2324ea5651d7cc81bc5ece7344c2cea] /home/users/tongzhen/xhprof/bfwphpapp/lib/mysql.php 45
2016-03-09 13:38:17	8:Notice [Undefined index: 77a6023a1186d64b8a1fd5766b0e9fe1] /home/users/tongzhen/xhprof/bfwphpapp/lib/mysql.php 45
2016-03-09 13:38:17	8:Notice [Undefined index: 1e453c61c3337f877f385ad4bb860982] /home/users/tongzhen/xhprof/bfwphpapp/lib/mysql.php 45
2016-03-09 13:38:17	8:Notice [Undefined index: dfe465d256aaa01bb0b5ca7da00c3af7] /home/users/tongzhen/xhprof/bfwphpapp/lib/mysql.php 45
2016-03-09 13:38:17	8:Notice [Undefined index: a0dd6c824d7e92978fc68167c1f2dc02] /home/users/tongzhen/xhprof/bfwphpapp/lib/mysql.php 45
2016-03-09 13:38:17	8:Notice [Undefined index: d8af6f73a560266e8a09759734bc314d] /home/users/tongzhen/xhprof/bfwphpapp/lib/mysql.php 45
2016-03-09 13:38:17	8:Notice [Undefined index: 3e8da9273f020e240eb8c358e9675706] /home/users/tongzhen/xhprof/bfwphpapp/lib/mysql.php 45
2016-03-09 13:38:17	8:Notice [Undefined index: 0fe1045d59bb048e67ae6d48425eabcb] /home/users/tongzhen/xhprof/bfwphpapp/lib/mysql.php 45
2016-03-09 13:38:17	8:Notice [Undefined index: 7a9e21d64585f9f272ffdcb73f2a8ee2] /home/users/tongzhen/xhprof/bfwphpapp/lib/mysql.php 45
2016-03-09 13:38:17	8:Notice [Undefined index: c70bc1dc3ca48baf1728f020146df9c1] /home/users/tongzhen/xhprof/bfwphpapp/lib/mysql.php 45
2016-03-09 13:38:17	8:Notice [Undefined index: ffdff01eb550217c4b5bc50c2d48289a] /home/users/tongzhen/xhprof/bfwphpapp/lib/mysql.php 45
2016-03-09 13:38:17	8:Notice [Undefined index: e5c95f92a858fd439cdddbbe5a0036aa] /home/users/tongzhen/xhprof/bfwphpapp/lib/mysql.php 45
2016-03-09 13:38:17	8:Notice [Undefined index: 4a4fa460982fe4263a1798bc03308eff] /home/users/tongzhen/xhprof/bfwphpapp/lib/mysql.php 45
2016-03-09 13:38:17	8:Notice [Undefined index: 704a294b76bb77eaf7d4a1987de7cfb5] /home/users/tongzhen/xhprof/bfwphpapp/lib/mysql.php 45
2016-03-09 13:38:17	8:Notice [Undefined index: 8354c8b7371db7deb6123b4483c9fed0] /home/users/tongzhen/xhprof/bfwphpapp/lib/mysql.php 45
2016-03-09 13:38:17	8:Notice [Undefined index: c6fa901ff075d0036fa0b729e0982e25] /home/users/tongzhen/xhprof/bfwphpapp/lib/mysql.php 45
2016-03-09 13:38:17	8:Notice [Undefined index: 90876ca1bf9c7b6622b015c0b8301512] /home/users/tongzhen/xhprof/bfwphpapp/lib/mysql.php 45
2016-03-09 13:38:17	8:Notice [Undefined index: 1bbd0ba9f48c2d4db2cf9911c50e7598] /home/users/tongzhen/xhprof/bfwphpapp/lib/mysql.php 45
2016-03-09 13:38:17	8:Notice [Undefined index: 9e29cdfde059f80561b0eed49b37d9fc] /home/users/tongzhen/xhprof/bfwphpapp/lib/mysql.php 45
2016-03-09 13:38:17	8:Notice [Undefined index: 2483ae5abd2822d8933506999c14fc45] /home/users/tongzhen/xhprof/bfwphpapp/lib/mysql.php 45
2016-03-09 13:38:17	8:Notice [Undefined index: 98fc20a03216a69566ff7de9534f178b] /home/users/tongzhen/xhprof/bfwphpapp/lib/mysql.php 45
2016-03-09 13:38:17	8:Notice [Undefined index: 7e98545905275bd3ecbeaa4a361f25fb] /home/users/tongzhen/xhprof/bfwphpapp/lib/mysql.php 45
2016-03-09 13:38:17	8:Notice [Undefined variable: cmu] /home/users/tongzhen/xhprof/bfwphpapp/resqueshow/class/obj/caculate/caculate.php 22
2016-03-09 13:38:17	8:Notice [Undefined index: b217f4cd25d7df47263487248e918a1c] /home/users/tongzhen/xhprof/bfwphpapp/lib/mysql.php 45
2016-03-09 13:38:17	8:Notice [Undefined index: b15508722160f855616a1e75673569f6] /home/users/tongzhen/xhprof/bfwphpapp/lib/mysql.php 45
2016-03-09 13:38:17	8:Notice [Undefined index: e597bf6ff7fb114c7a4193b00083f187] /home/users/tongzhen/xhprof/bfwphpapp/lib/mysql.php 45
2016-03-09 13:38:17	8:Notice [Undefined index: 60291fd807b151e254489c3f501b6968] /home/users/tongzhen/xhprof/bfwphpapp/lib/mysql.php 45
2016-03-09 13:38:17	8:Notice [Undefined index: dee66c4bd04bd915d4a7a972414538cf] /home/users/tongzhen/xhprof/bfwphpapp/lib/mysql.php 45
2016-03-09 13:38:17	8:Notice [Undefined index: 74de96888132177205d7ee79a90144a8] /home/users/tongzhen/xhprof/bfwphpapp/lib/mysql.php 45
2016-03-09 13:38:17	8:Notice [Undefined index: dc2546c09a2f49f19db26467149ba874] /home/users/tongzhen/xhprof/bfwphpapp/lib/mysql.php 45
2016-03-09 13:38:17	8:Notice [Undefined index: 2f9a844578bb44672ff6d2c96881afe8] /home/users/tongzhen/xhprof/bfwphpapp/lib/mysql.php 45
2016-03-09 13:38:17	8:Notice [Undefined index: 91aa578c41ddc5a0f8cfc5a13a30fd82] /home/users/tongzhen/xhprof/bfwphpapp/lib/mysql.php 45
2016-03-09 13:38:17	8:Notice [Undefined index: 5d7634ddefa9a586637206d0dcd05cd8] /home/users/tongzhen/xhprof/bfwphpapp/lib/mysql.php 45
2016-03-09 13:38:17	8:Notice [Undefined index: 9326ab7896f3aaed8ce2edc6798374f6] /home/users/tongzhen/xhprof/bfwphpapp/lib/mysql.php 45
2016-03-09 13:38:17	8:Notice [Undefined index: 540643422db20e6f25aec0b48fffcea7] /home/users/tongzhen/xhprof/bfwphpapp/lib/mysql.php 45
2016-03-09 13:38:17	8:Notice [Undefined index: a7de7f44b2bc44be0ea094f37fce264b] /home/users/tongzhen/xhprof/bfwphpapp/lib/mysql.php 45
2016-03-09 13:38:17	8:Notice [Undefined index: 71b6755a76d49b75991789f9ee029175] /home/users/tongzhen/xhprof/bfwphpapp/lib/mysql.php 45
2016-03-09 13:38:17	8:Notice [Undefined index: 166c54cfe204ddee330a263d8a2136fc] /home/users/tongzhen/xhprof/bfwphpapp/lib/mysql.php 45
2016-03-09 13:38:17	8:Notice [Undefined index: 0f71a4dab5bb12a2b74bebb985ee29d4] /home/users/tongzhen/xhprof/bfwphpapp/lib/mysql.php 45
2016-03-09 13:38:17	8:Notice [Undefined index: 961ff09a341e822fdfc42ba63675ff3f] /home/users/tongzhen/xhprof/bfwphpapp/lib/mysql.php 45
2016-03-09 13:38:17	8:Notice [Undefined index: 24f13a661bd83d1385ffe52fad05bcbb] /home/users/tongzhen/xhprof/bfwphpapp/lib/mysql.php 45
2016-03-09 13:38:17	8:Notice [Undefined index: 725a042c390e51089897a11d48fdf82f] /home/users/tongzhen/xhprof/bfwphpapp/lib/mysql.php 45
2016-03-09 13:38:17	8:Notice [Undefined index: cc256fd4d01dd2b68c55b9b3f6e52e06] /home/users/tongzhen/xhprof/bfwphpapp/lib/mysql.php 45
2016-03-09 13:38:17	8:Notice [Undefined index: 382d5bcd1b770c270c80e35e26249276] /home/users/tongzhen/xhprof/bfwphpapp/lib/mysql.php 45
2016-03-09 13:38:17	8:Notice [Undefined index: 627a502630e8c058e4301179cc6d94d3] /home/users/tongzhen/xhprof/bfwphpapp/lib/mysql.php 45
2016-03-09 13:38:17	8:Notice [Undefined index: 7e626e61311e3e21ec86f4d0783c16d1] /home/users/tongzhen/xhprof/bfwphpapp/lib/mysql.php 45
2016-03-09 13:38:17	8:Notice [Undefined index: 5907e0df4b5a0c881806e431f785bd2c] /home/users/tongzhen/xhprof/bfwphpapp/lib/mysql.php 45
2016-03-09 13:38:17	8:Notice [Undefined index: 381f25c9fb0c0b28a74186236db6463e] /home/users/tongzhen/xhprof/bfwphpapp/lib/mysql.php 45
2016-03-09 13:38:17	8:Notice [Undefined index: e494e96304566b47df33beb4534a5a3a] /home/users/tongzhen/xhprof/bfwphpapp/lib/mysql.php 45
2016-03-09 13:38:17	8:Notice [Undefined index: 6bb6c9fe3d2c609abf8cc1ff296af7a1] /home/users/tongzhen/xhprof/bfwphpapp/lib/mysql.php 45
2016-03-09 13:38:17	8:Notice [Undefined index: da4232a7c4709e795ca38286c0e24a0a] /home/users/tongzhen/xhprof/bfwphpapp/lib/mysql.php 45
2016-03-09 13:38:17	8:Notice [Undefined index: 4dbe03ba9ffac9bc8bd8c4b9bb2e76b1] /home/users/tongzhen/xhprof/bfwphpapp/lib/mysql.php 45
2016-03-09 13:38:17	8:Notice [Undefined index: 35e02628a4b5f3e2744190907e9cde15] /home/users/tongzhen/xhprof/bfwphpapp/lib/mysql.php 45
2016-03-09 13:38:17	8:Notice [Undefined index: 3d7dcae077746ab8a668064f9a8342ec] /home/users/tongzhen/xhprof/bfwphpapp/lib/mysql.php 45
2016-03-09 13:38:17	8:Notice [Undefined index: 8f68123fd00a0f8d0cb921890d7b9fb2] /home/users/tongzhen/xhprof/bfwphpapp/lib/mysql.php 45
2016-03-09 13:38:17	8:Notice [Undefined index: 8d75d55c2cda2fc954d7afaa2fd6fe40] /home/users/tongzhen/xhprof/bfwphpapp/lib/mysql.php 45
2016-03-09 13:38:17	8:Notice [Undefined index: 995485cfe842e1695e5725d18ae37c51] /home/users/tongzhen/xhprof/bfwphpapp/lib/mysql.php 45
2016-03-09 13:38:17	8:Notice [Undefined index: 8bc5d3df5fbcf44e1d398c2f3a7ee7ba] /home/users/tongzhen/xhprof/bfwphpapp/lib/mysql.php 45
2016-03-09 13:38:17	8:Notice [Undefined index: 330f9523757d6c04989d64be1430bb9d] /home/users/tongzhen/xhprof/bfwphpapp/lib/mysql.php 45
2016-03-09 13:38:17	8:Notice [Undefined index: 1b5c92ad912546512597b61ae881ba7f] /home/users/tongzhen/xhprof/bfwphpapp/lib/mysql.php 45
2016-03-09 13:38:17	8:Notice [Undefined index: 59481df1503deac393e6bb1531945f42] /home/users/tongzhen/xhprof/bfwphpapp/lib/mysql.php 45
2016-03-09 13:38:17	8:Notice [Undefined index: b96db2f74804ddefba93b400093b72a4] /home/users/tongzhen/xhprof/bfwphpapp/lib/mysql.php 45
2016-03-09 13:38:17	8:Notice [Undefined index: 6ab09d83bc78a2a8f975e58230cccf9f] /home/users/tongzhen/xhprof/bfwphpapp/lib/mysql.php 45
2016-03-09 13:38:17	8:Notice [Undefined index: cd3cacf09ce9e2ea5acd74fb95a1262e] /home/users/tongzhen/xhprof/bfwphpapp/lib/mysql.php 45
2016-03-09 13:38:17	8:Notice [Undefined index: aa82bc75365a0b1f74643137939d0a91] /home/users/tongzhen/xhprof/bfwphpapp/lib/mysql.php 45
2016-03-09 13:38:17	8:Notice [Undefined index: 6ed3543b852b020bb1550254a651a82e] /home/users/tongzhen/xhprof/bfwphpapp/lib/mysql.php 45
2016-03-09 13:38:17	8:Notice [Undefined index: 4e4756d5d24c77dbad2dd6956f6cbf0e] /home/users/tongzhen/xhprof/bfwphpapp/lib/mysql.php 45
2016-03-09 13:38:17	8:Notice [Undefined index: 75ff900d04822e64f4c54dc3595ceeb0] /home/users/tongzhen/xhprof/bfwphpapp/lib/mysql.php 45
2016-03-09 13:38:17	8:Notice [Undefined index: bd555746e748fda09cd2d48009934a09] /home/users/tongzhen/xhprof/bfwphpapp/lib/mysql.php 45
2016-03-09 13:38:17	8:Notice [Undefined index: 82091b8ff29fd14b97c1159d06e44f5b] /home/users/tongzhen/xhprof/bfwphpapp/lib/mysql.php 45
2016-03-09 13:38:17	8:Notice [Undefined index: 56e6c557b5f51ecb7c0e0b09d7ab6f2a] /home/users/tongzhen/xhprof/bfwphpapp/lib/mysql.php 45
2016-03-09 13:38:17	8:Notice [Undefined index: efc95211a20e9e62489d5a45edc7e616] /home/users/tongzhen/xhprof/bfwphpapp/lib/mysql.php 45
2016-03-09 13:38:17	8:Notice [Undefined index: 583bb45279f9db64689b0dbb1198caee] /home/users/tongzhen/xhprof/bfwphpapp/lib/mysql.php 45
2016-03-09 13:38:17	8:Notice [Undefined index: 469278973bb492eb2ed03923b9910d4d] /home/users/tongzhen/xhprof/bfwphpapp/lib/mysql.php 45
2016-03-09 13:38:17	8:Notice [Undefined index: 42288dc6ff095e758be68e9140f0038b] /home/users/tongzhen/xhprof/bfwphpapp/lib/mysql.php 45
2016-03-09 13:38:17	8:Notice [Undefined index: 9fc180b8b7a1c7283de3e9866b8aa064] /home/users/tongzhen/xhprof/bfwphpapp/lib/mysql.php 45
2016-03-09 13:38:17	8:Notice [Undefined index: f32ef80d611fd3a24c921c5ab5d16c71] /home/users/tongzhen/xhprof/bfwphpapp/lib/mysql.php 45
2016-03-09 13:38:17	8:Notice [Undefined index: b61e1ee73db4e99cda57e1f5c2500ccb] /home/users/tongzhen/xhprof/bfwphpapp/lib/mysql.php 45
2016-03-09 13:38:17	8:Notice [Undefined index: 6714e217b11ab692e217382fd07b7278] /home/users/tongzhen/xhprof/bfwphpapp/lib/mysql.php 45
2016-03-09 13:38:17	8:Notice [Undefined index: 8024c5a4d6fd8b3e5ff23b734347b948] /home/users/tongzhen/xhprof/bfwphpapp/lib/mysql.php 45
2016-03-09 13:38:17	8:Notice [Undefined index: ae960a2452c6f272eca9e9386df8cd05] /home/users/tongzhen/xhprof/bfwphpapp/lib/mysql.php 45
2016-03-09 13:38:17	8:Notice [Undefined index: c923c56febbd30230026bdcf0ccd854d] /home/users/tongzhen/xhprof/bfwphpapp/lib/mysql.php 45
2016-03-09 13:38:17	8:Notice [Undefined index: e59564c7e046da8fa37b4223a24b226e] /home/users/tongzhen/xhprof/bfwphpapp/lib/mysql.php 45
2016-03-09 13:38:17	8:Notice [Undefined index: 6cfc849d1472fb4be6df6b239b0578c6] /home/users/tongzhen/xhprof/bfwphpapp/lib/mysql.php 45
2016-03-09 13:38:17	8:Notice [Undefined index: f6327083f9056165c733f6fe1e27321e] /home/users/tongzhen/xhprof/bfwphpapp/lib/mysql.php 45
2016-03-09 13:38:17	8:Notice [Undefined index: 23eb795ca12bb762673dc338683b65a1] /home/users/tongzhen/xhprof/bfwphpapp/lib/mysql.php 45
2016-03-09 13:38:17	8:Notice [Undefined index: 29c8a45087cb2c77f693f578c877394a] /home/users/tongzhen/xhprof/bfwphpapp/lib/mysql.php 45
2016-03-09 13:38:17	8:Notice [Undefined index: b83bae5adbf976c07c9e7f358f3554a4] /home/users/tongzhen/xhprof/bfwphpapp/lib/mysql.php 45
2016-03-09 13:38:17	8:Notice [Undefined index: e390aece4f2429adb72e47c204333857] /home/users/tongzhen/xhprof/bfwphpapp/lib/mysql.php 45
2016-03-09 13:38:17	8:Notice [Undefined index: 2b16ca26113c9d930ada13395677af49] /home/users/tongzhen/xhprof/bfwphpapp/lib/mysql.php 45
2016-03-09 13:38:17	8:Notice [Undefined index: b162ced88319b7dea13c57e504bac098] /home/users/tongzhen/xhprof/bfwphpapp/lib/mysql.php 45
2016-03-09 13:38:17	8:Notice [Undefined index: 5aa9c1c7d862d9495c891dab7583c03d] /home/users/tongzhen/xhprof/bfwphpapp/lib/mysql.php 45
2016-03-09 13:38:17	8:Notice [Undefined index: a93c14c4beea2ecf904b24050a88088d] /home/users/tongzhen/xhprof/bfwphpapp/lib/mysql.php 45
2016-03-09 13:38:17	8:Notice [Undefined index: 873355d8281ed3b0e8cc7db547d35c12] /home/users/tongzhen/xhprof/bfwphpapp/lib/mysql.php 45
2016-03-09 13:38:17	8:Notice [Undefined index: a2ee41ba448fa4ca912de0f5b8cd3c31] /home/users/tongzhen/xhprof/bfwphpapp/lib/mysql.php 45
2016-03-09 13:38:17	8:Notice [Undefined index: ea557832692a70bb83c03480e95ca998] /home/users/tongzhen/xhprof/bfwphpapp/lib/mysql.php 45
2016-03-09 13:38:17	8:Notice [Undefined index: 276e513519a61e4b56e925430ebec150] /home/users/tongzhen/xhprof/bfwphpapp/lib/mysql.php 45
2016-03-09 13:38:17	8:Notice [Undefined index: 0fee47b4391462e4eccee9d890e8b89e] /home/users/tongzhen/xhprof/bfwphpapp/lib/mysql.php 45
2016-03-09 13:38:17	8:Notice [Undefined index: 5ee881580f3bd683eb509385ee267aeb] /home/users/tongzhen/xhprof/bfwphpapp/lib/mysql.php 45
2016-03-09 13:38:17	8:Notice [Undefined index: 7248b59c575e6cd87f26d4383701ab47] /home/users/tongzhen/xhprof/bfwphpapp/lib/mysql.php 45
2016-03-09 13:38:17	8:Notice [Undefined index: dfa1b5ded0db539b27e710205954e0c2] /home/users/tongzhen/xhprof/bfwphpapp/lib/mysql.php 45
2016-03-09 13:38:17	8:Notice [Undefined index: ef899e2efb3e82cb3fcdd33f49f6f8f9] /home/users/tongzhen/xhprof/bfwphpapp/lib/mysql.php 45
2016-03-09 13:38:17	8:Notice [Undefined index: 72289ce51c7e92fb59c2ed3f908372f5] /home/users/tongzhen/xhprof/bfwphpapp/lib/mysql.php 45
2016-03-09 13:38:17	8:Notice [Undefined index: 7a83f224c92a7f49468c55626b408e9c] /home/users/tongzhen/xhprof/bfwphpapp/lib/mysql.php 45
2016-03-09 13:38:17	8:Notice [Undefined index: e48336ced6be52976f437a79e20c00ab] /home/users/tongzhen/xhprof/bfwphpapp/lib/mysql.php 45
2016-03-09 13:38:17	8:Notice [Undefined index: eb418e4039028e65eb7c0acc38d70d9e] /home/users/tongzhen/xhprof/bfwphpapp/lib/mysql.php 45
2016-03-09 13:38:17	8:Notice [Undefined index: d65389d550eb5eab85f9450c4500aa31] /home/users/tongzhen/xhprof/bfwphpapp/lib/mysql.php 45
2016-03-09 13:38:17	8:Notice [Undefined index: e22015105ffd4017962206b4a32ff10f] /home/users/tongzhen/xhprof/bfwphpapp/lib/mysql.php 45
2016-03-09 13:38:17	8:Notice [Undefined index: f1eb0de07d9ab20c8a43765370b012be] /home/users/tongzhen/xhprof/bfwphpapp/lib/mysql.php 45
2016-03-09 13:38:17	8:Notice [Undefined index: 03bbaba9a4f39c9116a9940ccb2b54bd] /home/users/tongzhen/xhprof/bfwphpapp/lib/mysql.php 45
2016-03-09 13:38:17	8:Notice [Undefined index: c9c61455cfcb34f1c003ace8c73f7acb] /home/users/tongzhen/xhprof/bfwphpapp/lib/mysql.php 45
2016-03-09 13:38:17	8:Notice [Undefined index: 44ea67f1b6315ec25b59a8119eafbb3e] /home/users/tongzhen/xhprof/bfwphpapp/lib/mysql.php 45
2016-03-09 13:38:17	8:Notice [Undefined index: fd63991ce82090b36541b13c8fea9f6e] /home/users/tongzhen/xhprof/bfwphpapp/lib/mysql.php 45
2016-03-09 13:38:17	8:Notice [Undefined index: 10f717fdbd1e3ee36b5613a896a10334] /home/users/tongzhen/xhprof/bfwphpapp/lib/mysql.php 45
2016-03-09 13:38:17	8:Notice [Undefined index: ff913c82e549a3115d5153f9e6df9979] /home/users/tongzhen/xhprof/bfwphpapp/lib/mysql.php 45
2016-03-09 13:38:17	8:Notice [Undefined index: fdad2a03117cf7a486ab286b620d8b32] /home/users/tongzhen/xhprof/bfwphpapp/lib/mysql.php 45
2016-03-09 13:38:17	8:Notice [Undefined index: 2a196dec5d2387b2a09bdf1b1ab0385d] /home/users/tongzhen/xhprof/bfwphpapp/lib/mysql.php 45
2016-03-09 13:38:17	8:Notice [Undefined index: b5aba664674cd1cbead76e8ebdcdb230] /home/users/tongzhen/xhprof/bfwphpapp/lib/mysql.php 45
2016-03-09 13:38:17	8:Notice [Undefined index: 131b94bcae37a23aec435befe063a358] /home/users/tongzhen/xhprof/bfwphpapp/lib/mysql.php 45
2016-03-09 13:38:17	8:Notice [Undefined index: 4021ae99dab69e50d70a3cd4e5d20a9e] /home/users/tongzhen/xhprof/bfwphpapp/lib/mysql.php 45
2016-03-09 13:38:17	8:Notice [Undefined index: aa9fca552571aa91547e0e58f7a4942f] /home/users/tongzhen/xhprof/bfwphpapp/lib/mysql.php 45
2016-03-09 13:38:17	8:Notice [Undefined index: 4e7480665c0cc245434baf12256bf9ba] /home/users/tongzhen/xhprof/bfwphpapp/lib/mysql.php 45
2016-03-09 13:38:17	8:Notice [Undefined index: a8e78e21b8b3b2ea9e2b2e6dcca8e519] /home/users/tongzhen/xhprof/bfwphpapp/lib/mysql.php 45
2016-03-09 13:38:17	8:Notice [Undefined index: 0031a70a351fe68e61ba32f6226ac037] /home/users/tongzhen/xhprof/bfwphpapp/lib/mysql.php 45
2016-03-09 13:38:17	8:Notice [Undefined index: 311abcc8a51f262d3a275bc79ed28ea7] /home/users/tongzhen/xhprof/bfwphpapp/lib/mysql.php 45
2016-03-09 13:38:17	8:Notice [Undefined index: 21a3855fd6abb960baa157def1090611] /home/users/tongzhen/xhprof/bfwphpapp/lib/mysql.php 45
2016-03-09 13:38:17	8:Notice [Undefined index: 1d651022b74bd3e29afd00884780bdf4] /home/users/tongzhen/xhprof/bfwphpapp/lib/mysql.php 45
2016-03-09 13:38:17	8:Notice [Undefined index: 4fec1851ce662536f4ba1bffa050e800] /home/users/tongzhen/xhprof/bfwphpapp/lib/mysql.php 45
2016-03-09 13:38:17	8:Notice [Undefined index: 509bdd2ee9c34876469f763a39882334] /home/users/tongzhen/xhprof/bfwphpapp/lib/mysql.php 45
2016-03-09 13:38:17	8:Notice [Undefined index: 7de5207f74d32451e5e3f67634f8cc4b] /home/users/tongzhen/xhprof/bfwphpapp/lib/mysql.php 45
2016-03-09 13:38:17	8:Notice [Undefined index: 4c4603581ca01eb39c0d8ab8a7e49c13] /home/users/tongzhen/xhprof/bfwphpapp/lib/mysql.php 45
2016-03-09 13:38:17	8:Notice [Undefined index: 5de67a8538e54102368aa85d9f35ee0f] /home/users/tongzhen/xhprof/bfwphpapp/lib/mysql.php 45
2016-03-09 13:38:17	8:Notice [Undefined index: b4dd3e3d6eb2ead5afc3233450db4c2e] /home/users/tongzhen/xhprof/bfwphpapp/lib/mysql.php 45
2016-03-09 13:38:17	8:Notice [Undefined index: e60d5c3452c446d83139f88196028a78] /home/users/tongzhen/xhprof/bfwphpapp/lib/mysql.php 45
2016-03-09 13:38:17	8:Notice [Undefined index: bf64a4e264bf7fd84f8e2af19f0fc3bd] /home/users/tongzhen/xhprof/bfwphpapp/lib/mysql.php 45
2016-03-09 13:38:17	8:Notice [Undefined index: b3d5b74d6dd178dd4dbc8fa95e32173f] /home/users/tongzhen/xhprof/bfwphpapp/lib/mysql.php 45
2016-03-09 13:38:17	8:Notice [Undefined index: 34211cdaf6b355c30899eb1b6b2fddbf] /home/users/tongzhen/xhprof/bfwphpapp/lib/mysql.php 45
2016-03-09 13:38:17	8:Notice [Undefined index: c9e67c81d4de836df846ee9276b2c89a] /home/users/tongzhen/xhprof/bfwphpapp/lib/mysql.php 45
2016-03-09 13:38:17	8:Notice [Undefined index: d4a971066d234eb6299604ae9e74def9] /home/users/tongzhen/xhprof/bfwphpapp/lib/mysql.php 45
2016-03-09 13:38:17	8:Notice [Undefined index: 1513349df85ba7e0dace1450ad164d53] /home/users/tongzhen/xhprof/bfwphpapp/lib/mysql.php 45
2016-03-09 13:38:17	8:Notice [Undefined index: 45371160ffeab298c01a8b27207c5693] /home/users/tongzhen/xhprof/bfwphpapp/lib/mysql.php 45
2016-03-09 13:38:17	8:Notice [Undefined index: 4068525920d7d08a5fa7f2070bd20062] /home/users/tongzhen/xhprof/bfwphpapp/lib/mysql.php 45
2016-03-09 13:38:17	8:Notice [Undefined index: d110c9a1355424c118c63a7ba26dcb51] /home/users/tongzhen/xhprof/bfwphpapp/lib/mysql.php 45
2016-03-09 13:38:17	8:Notice [Undefined variable: cmu] /home/users/tongzhen/xhprof/bfwphpapp/resqueshow/class/obj/caculate/caculate.php 22
2016-03-09 13:38:17	8:Notice [Undefined variable: cmu] /home/users/tongzhen/xhprof/bfwphpapp/resqueshow/class/obj/caculate/caculate.php 22
2016-03-09 13:38:28	8:Notice [Undefined variable: argv] /home/users/tongzhen/xhprof/bfwphpapp/lib/app.php 38
2016-03-09 13:38:28	8:Notice [Undefined index: a19c01d3a0f8251ac55acbe086632613] /home/users/tongzhen/xhprof/bfwphpapp/lib/mysql.php 45
2016-03-09 13:38:28	8:Notice [Undefined index: 6878385d54d78f6c3e9667e47795406b] /home/users/tongzhen/xhprof/bfwphpapp/lib/mysql.php 45
2016-03-09 13:38:28	2:Warning [Invalid argument supplied for foreach()] /home/users/tongzhen/xhprof/bfwphpapp/lib/view.php 16
2016-03-09 13:38:28	8:Notice [Undefined index: fe19b5f602c65bb1f47ac400533d9c54] /home/users/tongzhen/xhprof/bfwphpapp/lib/mysql.php 45
2016-03-09 13:38:28	2:Warning [Invalid argument supplied for foreach()] /home/users/tongzhen/xhprof/bfwphpapp/lib/view.php 16
2016-03-09 13:38:28	8:Notice [Undefined index: 4c1d2010ade9b248f81f3cb7f0de2fdd] /home/users/tongzhen/xhprof/bfwphpapp/lib/mysql.php 45
2016-03-09 13:38:28	8:Notice [Undefined index: 1e37a7024ddebb0cfe7366b11ff147fe] /home/users/tongzhen/xhprof/bfwphpapp/lib/mysql.php 45
2016-03-09 13:38:28	8:Notice [Undefined index: 0acf17f79d39374fc9504db107616d05] /home/users/tongzhen/xhprof/bfwphpapp/lib/mysql.php 45
2016-03-09 13:38:28	8:Notice [Undefined index: c16953c7bfbde528237316d2034266ca] /home/users/tongzhen/xhprof/bfwphpapp/lib/mysql.php 45
2016-03-09 13:38:28	8:Notice [Undefined index: 588c728c2ef4061baa4c496193e47718] /home/users/tongzhen/xhprof/bfwphpapp/lib/mysql.php 45
2016-03-09 13:38:28	8:Notice [Undefined variable: cmu] /home/users/tongzhen/xhprof/bfwphpapp/resqueshow/class/obj/caculate/caculate.php 22
2016-03-09 13:38:28	8:Notice [Undefined index: d18bb9cffe51ed49f9c3fd1967f8e6c1] /home/users/tongzhen/xhprof/bfwphpapp/lib/mysql.php 45
2016-03-09 13:38:28	8:Notice [Undefined index: be91f46fd48b5a118bd85c4d519bf3a6] /home/users/tongzhen/xhprof/bfwphpapp/lib/mysql.php 45
2016-03-09 13:38:28	8:Notice [Undefined index: c2a1c5318e1ba862090b292e5e1d1ae4] /home/users/tongzhen/xhprof/bfwphpapp/lib/mysql.php 45
2016-03-09 13:38:28	8:Notice [Undefined index: 73f0e86dedc77cef9825062c0c00aa50] /home/users/tongzhen/xhprof/bfwphpapp/lib/mysql.php 45
2016-03-09 13:38:28	8:Notice [Undefined index: bd9ac7c5ab640e84131a24f02459981b] /home/users/tongzhen/xhprof/bfwphpapp/lib/mysql.php 45
2016-03-09 13:38:28	8:Notice [Undefined index: 3b368d61dffc45d2c38dddeba76b29a1] /home/users/tongzhen/xhprof/bfwphpapp/lib/mysql.php 45
2016-03-09 13:38:28	8:Notice [Undefined index: cc03f02fb17e09edee4a5a3ece639aa3] /home/users/tongzhen/xhprof/bfwphpapp/lib/mysql.php 45
2016-03-09 13:38:28	8:Notice [Undefined index: 197b8cba3114b54addde4c3a40120619] /home/users/tongzhen/xhprof/bfwphpapp/lib/mysql.php 45
2016-03-09 13:38:28	8:Notice [Undefined index: 58498cb80d4fe69a76e9e32bd31df147] /home/users/tongzhen/xhprof/bfwphpapp/lib/mysql.php 45
2016-03-09 13:38:28	8:Notice [Undefined index: 17036acdbff1980ba74d5780422bfe6d] /home/users/tongzhen/xhprof/bfwphpapp/lib/mysql.php 45
2016-03-09 13:38:28	8:Notice [Undefined index: 3e3ef1cb9355e7eb829087ca9947b6fe] /home/users/tongzhen/xhprof/bfwphpapp/lib/mysql.php 45
2016-03-09 13:38:28	8:Notice [Undefined index: 4328e5bc1ef475b081571e09cbdf9c97] /home/users/tongzhen/xhprof/bfwphpapp/lib/mysql.php 45
2016-03-09 13:38:28	8:Notice [Undefined index: 752b934010ad69e277e7c547c0775538] /home/users/tongzhen/xhprof/bfwphpapp/lib/mysql.php 45
2016-03-09 13:38:28	8:Notice [Undefined index: a014d63cf8bdaf62859e9b76fb53f7a7] /home/users/tongzhen/xhprof/bfwphpapp/lib/mysql.php 45
2016-03-09 13:38:28	8:Notice [Undefined index: 92488a79338877442626dc978becc70c] /home/users/tongzhen/xhprof/bfwphpapp/lib/mysql.php 45
2016-03-09 13:38:28	8:Notice [Undefined index: 317eb8da891ce910a3e6f2da2d8cab6b] /home/users/tongzhen/xhprof/bfwphpapp/lib/mysql.php 45
2016-03-09 13:38:28	8:Notice [Undefined index: 20ba9f95e57b070810c08652d5a11cb6] /home/users/tongzhen/xhprof/bfwphpapp/lib/mysql.php 45
2016-03-09 13:38:28	8:Notice [Undefined index: 2bb8225a5419cffade4e80ebcf2244d6] /home/users/tongzhen/xhprof/bfwphpapp/lib/mysql.php 45
2016-03-09 13:38:28	8:Notice [Undefined index: 257a5cdcbf7792e581be4eb7f4349bcc] /home/users/tongzhen/xhprof/bfwphpapp/lib/mysql.php 45
2016-03-09 13:38:28	8:Notice [Undefined index: d7d4c741f6d7091d622e6a08be43f88f] /home/users/tongzhen/xhprof/bfwphpapp/lib/mysql.php 45
2016-03-09 13:38:28	8:Notice [Undefined index: 48275d1d829990e6e99f65646e67654e] /home/users/tongzhen/xhprof/bfwphpapp/lib/mysql.php 45
2016-03-09 13:38:28	8:Notice [Undefined index: df96f3c7aae58e4a826a52a9f56705fa] /home/users/tongzhen/xhprof/bfwphpapp/lib/mysql.php 45
2016-03-09 13:38:28	8:Notice [Undefined index: abacd33e16ff1015543b8249ef559777] /home/users/tongzhen/xhprof/bfwphpapp/lib/mysql.php 45
2016-03-09 13:38:28	8:Notice [Undefined index: 01241dca4959202d21e83b3c46901043] /home/users/tongzhen/xhprof/bfwphpapp/lib/mysql.php 45
2016-03-09 13:38:28	8:Notice [Undefined index: b369b30ce2ef8084afa1c18fd439d19d] /home/users/tongzhen/xhprof/bfwphpapp/lib/mysql.php 45
2016-03-09 13:38:28	8:Notice [Undefined index: 86cce3b623de7e0be736235c427dde72] /home/users/tongzhen/xhprof/bfwphpapp/lib/mysql.php 45
2016-03-09 13:38:28	8:Notice [Undefined index: 164aa3d578ee488d888cce8953386c51] /home/users/tongzhen/xhprof/bfwphpapp/lib/mysql.php 45
2016-03-09 13:38:28	8:Notice [Undefined index: 11d57290520d1aaacb5e6ed124994ada] /home/users/tongzhen/xhprof/bfwphpapp/lib/mysql.php 45
2016-03-09 13:38:28	8:Notice [Undefined index: 7046fa8b128247dbf4439a5fb6707bc1] /home/users/tongzhen/xhprof/bfwphpapp/lib/mysql.php 45
2016-03-09 13:38:28	8:Notice [Undefined index: 2796541832db755e1d18eb500de93467] /home/users/tongzhen/xhprof/bfwphpapp/lib/mysql.php 45
2016-03-09 13:38:28	8:Notice [Undefined index: 100ae807322ea5d8afcfd01d52c61df6] /home/users/tongzhen/xhprof/bfwphpapp/lib/mysql.php 45
2016-03-09 13:38:28	8:Notice [Undefined index: 75a97548e52fb5db3cd5289fcc8b9010] /home/users/tongzhen/xhprof/bfwphpapp/lib/mysql.php 45
2016-03-09 13:38:28	8:Notice [Undefined index: 23863f7f60f9a6e604b6b0c085ded81b] /home/users/tongzhen/xhprof/bfwphpapp/lib/mysql.php 45
2016-03-09 13:38:28	8:Notice [Undefined index: 84e78ce8e7c873d386554a4e06fb1050] /home/users/tongzhen/xhprof/bfwphpapp/lib/mysql.php 45
2016-03-09 13:38:28	8:Notice [Undefined index: e3635679f99290b6904f609d08a51224] /home/users/tongzhen/xhprof/bfwphpapp/lib/mysql.php 45
2016-03-09 13:38:28	8:Notice [Undefined index: 60fddaff8cbaa069e818c9a8e680169d] /home/users/tongzhen/xhprof/bfwphpapp/lib/mysql.php 45
2016-03-09 13:38:28	8:Notice [Undefined index: fc44599a6518628811a45a43dd05a184] /home/users/tongzhen/xhprof/bfwphpapp/lib/mysql.php 45
2016-03-09 13:38:28	8:Notice [Undefined index: 4e40e1863f474da15d4add16904ee65c] /home/users/tongzhen/xhprof/bfwphpapp/lib/mysql.php 45
2016-03-09 13:38:28	8:Notice [Undefined index: 505d62c6ee6e87d4a280db967380f3b4] /home/users/tongzhen/xhprof/bfwphpapp/lib/mysql.php 45
2016-03-09 13:38:28	8:Notice [Undefined index: a335c9da6d7e995f883d54a8a2c82732] /home/users/tongzhen/xhprof/bfwphpapp/lib/mysql.php 45
2016-03-09 13:38:28	8:Notice [Undefined index: 8b2446775e0e2be7014a4c7533be6f38] /home/users/tongzhen/xhprof/bfwphpapp/lib/mysql.php 45
2016-03-09 13:38:28	8:Notice [Undefined index: 8daefc253074ca152fdba3829dda0e3a] /home/users/tongzhen/xhprof/bfwphpapp/lib/mysql.php 45
2016-03-09 13:38:28	8:Notice [Undefined index: 19dfe59ea407856e53b82b6b411bfe7c] /home/users/tongzhen/xhprof/bfwphpapp/lib/mysql.php 45
2016-03-09 13:38:28	8:Notice [Undefined index: 899a7b9800a0cf51c5118e85a6506776] /home/users/tongzhen/xhprof/bfwphpapp/lib/mysql.php 45
2016-03-09 13:38:28	8:Notice [Undefined variable: cmu] /home/users/tongzhen/xhprof/bfwphpapp/resqueshow/class/obj/caculate/caculate.php 22
2016-03-09 13:38:28	8:Notice [Undefined index: 72f5d89680f58ea8167656ece8b70694] /home/users/tongzhen/xhprof/bfwphpapp/lib/mysql.php 45
2016-03-09 13:38:28	8:Notice [Undefined index: 2bbcc0573ecef2179929b75807363b18] /home/users/tongzhen/xhprof/bfwphpapp/lib/mysql.php 45
2016-03-09 13:38:28	8:Notice [Undefined index: 78879530e1051326c7b10e8d04167218] /home/users/tongzhen/xhprof/bfwphpapp/lib/mysql.php 45
2016-03-09 13:38:28	8:Notice [Undefined index: 5a8b3c5808cc82905e2efc4b257fd63e] /home/users/tongzhen/xhprof/bfwphpapp/lib/mysql.php 45
2016-03-09 13:38:28	8:Notice [Undefined index: 090c7e45be077bce5a62847cb7736f30] /home/users/tongzhen/xhprof/bfwphpapp/lib/mysql.php 45
2016-03-09 13:38:28	8:Notice [Undefined index: cc15204298aa6a9a142435ba7818f856] /home/users/tongzhen/xhprof/bfwphpapp/lib/mysql.php 45
2016-03-09 13:38:28	8:Notice [Undefined index: b74b7720b4cf42bad208d066f194d931] /home/users/tongzhen/xhprof/bfwphpapp/lib/mysql.php 45
2016-03-09 13:38:28	8:Notice [Undefined index: 5d0b7c365a4a298a8576cfd9e859778c] /home/users/tongzhen/xhprof/bfwphpapp/lib/mysql.php 45
2016-03-09 13:38:28	8:Notice [Undefined index: 4195e49dce74e2a7a8d5a44dc78b446b] /home/users/tongzhen/xhprof/bfwphpapp/lib/mysql.php 45
2016-03-09 13:38:28	8:Notice [Undefined index: eef0eef8c3fbb247f8279cf28ff3d6e6] /home/users/tongzhen/xhprof/bfwphpapp/lib/mysql.php 45
2016-03-09 13:38:28	8:Notice [Undefined index: e4362993f5e00bef688ffe7f4a48a47a] /home/users/tongzhen/xhprof/bfwphpapp/lib/mysql.php 45
2016-03-09 13:38:28	8:Notice [Undefined index: 1e48c429142ec4b384c0fafbdef613e8] /home/users/tongzhen/xhprof/bfwphpapp/lib/mysql.php 45
2016-03-09 13:38:28	8:Notice [Undefined index: 50d6fc8c97f64d8e1dcc2c9c9f6a0c44] /home/users/tongzhen/xhprof/bfwphpapp/lib/mysql.php 45
2016-03-09 13:38:28	8:Notice [Undefined index: 8d5fb4e69eed6f86daf270941eb9baad] /home/users/tongzhen/xhprof/bfwphpapp/lib/mysql.php 45
2016-03-09 13:38:28	8:Notice [Undefined index: 80bd5d8e1883bf59050aa02759b4fc80] /home/users/tongzhen/xhprof/bfwphpapp/lib/mysql.php 45
2016-03-09 13:38:28	8:Notice [Undefined index: a3eb7ed612005c9f10f53038bb823f71] /home/users/tongzhen/xhprof/bfwphpapp/lib/mysql.php 45
2016-03-09 13:38:28	8:Notice [Undefined index: 71302fdd60d37b4769b97aa5a83d5212] /home/users/tongzhen/xhprof/bfwphpapp/lib/mysql.php 45
2016-03-09 13:38:28	8:Notice [Undefined index: 44cf5a22f21155762e4551cbe4baf417] /home/users/tongzhen/xhprof/bfwphpapp/lib/mysql.php 45
2016-03-09 13:38:28	8:Notice [Undefined index: f3fcc60cb745381b7c4e263197e0cef2] /home/users/tongzhen/xhprof/bfwphpapp/lib/mysql.php 45
2016-03-09 13:38:28	8:Notice [Undefined index: 4f37bce338884bcf12274d03dac0ac80] /home/users/tongzhen/xhprof/bfwphpapp/lib/mysql.php 45
2016-03-09 13:38:28	8:Notice [Undefined index: aa68bf7bb743bad2cf449b4b5e516deb] /home/users/tongzhen/xhprof/bfwphpapp/lib/mysql.php 45
2016-03-09 13:38:28	8:Notice [Undefined index: a7e5322cb64598f027a8c2791e320d1a] /home/users/tongzhen/xhprof/bfwphpapp/lib/mysql.php 45
2016-03-09 13:38:28	8:Notice [Undefined index: 7c4c3dd40a56d17a6cd74bc897a16f25] /home/users/tongzhen/xhprof/bfwphpapp/lib/mysql.php 45
2016-03-09 13:38:28	8:Notice [Undefined index: 1729568359de555a7af0623461407985] /home/users/tongzhen/xhprof/bfwphpapp/lib/mysql.php 45
2016-03-09 13:38:28	8:Notice [Undefined index: f703af8d9bffcb3da8e7ee0c2b004835] /home/users/tongzhen/xhprof/bfwphpapp/lib/mysql.php 45
2016-03-09 13:38:28	8:Notice [Undefined index: dd064b051d0b391c3c4101bc1779272c] /home/users/tongzhen/xhprof/bfwphpapp/lib/mysql.php 45
2016-03-09 13:38:28	8:Notice [Undefined index: f1e492d646509ab10cfb4ad72145d320] /home/users/tongzhen/xhprof/bfwphpapp/lib/mysql.php 45
2016-03-09 13:38:28	8:Notice [Undefined index: 1f5961a5fa57fdab38b28458af7d19b5] /home/users/tongzhen/xhprof/bfwphpapp/lib/mysql.php 45
2016-03-09 13:38:28	8:Notice [Undefined index: f1097ccf7619b9351c47da08e1c04618] /home/users/tongzhen/xhprof/bfwphpapp/lib/mysql.php 45
2016-03-09 13:38:28	8:Notice [Undefined index: 2ecd0deb656d703dee88235ce3878f6b] /home/users/tongzhen/xhprof/bfwphpapp/lib/mysql.php 45
2016-03-09 13:38:28	8:Notice [Undefined index: e24698f7a3accc87df30a015038ec313] /home/users/tongzhen/xhprof/bfwphpapp/lib/mysql.php 45
2016-03-09 13:38:28	8:Notice [Undefined index: df6fb129c7a50eaee3496cf84f6a45df] /home/users/tongzhen/xhprof/bfwphpapp/lib/mysql.php 45
2016-03-09 13:38:28	8:Notice [Undefined index: d85cf078441fcf34cd8e8475fdaa09c3] /home/users/tongzhen/xhprof/bfwphpapp/lib/mysql.php 45
2016-03-09 13:38:28	8:Notice [Undefined index: 1915d04f53822df0c617e698b57fdc9c] /home/users/tongzhen/xhprof/bfwphpapp/lib/mysql.php 45
2016-03-09 13:38:28	8:Notice [Undefined index: 2efa1eac8a39fe052aa483c087895ff8] /home/users/tongzhen/xhprof/bfwphpapp/lib/mysql.php 45
2016-03-09 13:38:28	8:Notice [Undefined index: de979086cc800635e3199222c3d0c68c] /home/users/tongzhen/xhprof/bfwphpapp/lib/mysql.php 45
2016-03-09 13:38:28	8:Notice [Undefined index: a99c4c9ba4e87a0523d212b29d3686a7] /home/users/tongzhen/xhprof/bfwphpapp/lib/mysql.php 45
2016-03-09 13:38:28	8:Notice [Undefined index: e8c37ec8edafe2040b250339a7360c12] /home/users/tongzhen/xhprof/bfwphpapp/lib/mysql.php 45
2016-03-09 13:38:28	8:Notice [Undefined index: 86a58e86704d8c715e98afbcafb91eb6] /home/users/tongzhen/xhprof/bfwphpapp/lib/mysql.php 45
2016-03-09 13:38:28	8:Notice [Undefined index: 892e0edc829bf8e285ebaf68e56689c2] /home/users/tongzhen/xhprof/bfwphpapp/lib/mysql.php 45
2016-03-09 13:38:28	8:Notice [Undefined index: e110ae171cc425906dff0d9fa95bc506] /home/users/tongzhen/xhprof/bfwphpapp/lib/mysql.php 45
2016-03-09 13:38:28	8:Notice [Undefined index: 8d44f3568d033ade6c04c4eea67d0c79] /home/users/tongzhen/xhprof/bfwphpapp/lib/mysql.php 45
2016-03-09 13:38:28	8:Notice [Undefined index: 3dbeb8044414d160adff93b349b668a0] /home/users/tongzhen/xhprof/bfwphpapp/lib/mysql.php 45
2016-03-09 13:38:28	8:Notice [Undefined index: 562fc2fd5370d3d17b0110d3323cc109] /home/users/tongzhen/xhprof/bfwphpapp/lib/mysql.php 45
2016-03-09 13:38:28	8:Notice [Undefined index: 310d2f9c9a262312ffaeae11a2450666] /home/users/tongzhen/xhprof/bfwphpapp/lib/mysql.php 45
2016-03-09 13:38:28	8:Notice [Undefined index: 5f61ef76cd9955bbeb96c6daabad283a] /home/users/tongzhen/xhprof/bfwphpapp/lib/mysql.php 45
2016-03-09 13:38:28	8:Notice [Undefined index: 2e4f36e889cd15a6d443c977a7dbb301] /home/users/tongzhen/xhprof/bfwphpapp/lib/mysql.php 45
2016-03-09 13:38:28	8:Notice [Undefined index: 2039a9876f8e8b30eb30481b1e92a113] /home/users/tongzhen/xhprof/bfwphpapp/lib/mysql.php 45
2016-03-09 13:38:28	8:Notice [Undefined index: ea02e33ebee1a08890109ece7fd1d036] /home/users/tongzhen/xhprof/bfwphpapp/lib/mysql.php 45
2016-03-09 13:38:28	8:Notice [Undefined index: afd3b00febd4f15c3b5e61e0e704e088] /home/users/tongzhen/xhprof/bfwphpapp/lib/mysql.php 45
2016-03-09 13:38:28	8:Notice [Undefined index: 9c8831778469d9815398bb844b94ad8d] /home/users/tongzhen/xhprof/bfwphpapp/lib/mysql.php 45
2016-03-09 13:38:28	8:Notice [Undefined index: fcd83f81c5d2860649b7b21ca1f896ba] /home/users/tongzhen/xhprof/bfwphpapp/lib/mysql.php 45
2016-03-09 13:38:28	8:Notice [Undefined index: 859cce6ee7b8247269351c750441e2a0] /home/users/tongzhen/xhprof/bfwphpapp/lib/mysql.php 45
2016-03-09 13:38:28	8:Notice [Undefined index: 3045b5319d689f34e976107dc278c7f7] /home/users/tongzhen/xhprof/bfwphpapp/lib/mysql.php 45
2016-03-09 13:38:28	8:Notice [Undefined index: f40daf78fd61843a31ce6720a99290eb] /home/users/tongzhen/xhprof/bfwphpapp/lib/mysql.php 45
2016-03-09 13:38:28	8:Notice [Undefined index: 3ee2475bbd364ba40b88b9ea6bfc56a9] /home/users/tongzhen/xhprof/bfwphpapp/lib/mysql.php 45
2016-03-09 13:38:28	8:Notice [Undefined index: 55091986a38e9b6f3212c4c1ccdc17ae] /home/users/tongzhen/xhprof/bfwphpapp/lib/mysql.php 45
2016-03-09 13:38:28	8:Notice [Undefined index: b0c71772e746dc37b562880c324e5e9e] /home/users/tongzhen/xhprof/bfwphpapp/lib/mysql.php 45
2016-03-09 13:38:28	8:Notice [Undefined index: 404a8454ab8d5a2f9fa147ec1669448f] /home/users/tongzhen/xhprof/bfwphpapp/lib/mysql.php 45
2016-03-09 13:38:28	8:Notice [Undefined index: 7cd40d2d439e44ed77456493d8e7c5f7] /home/users/tongzhen/xhprof/bfwphpapp/lib/mysql.php 45
2016-03-09 13:38:28	8:Notice [Undefined index: aa4817179d998053b92e9c2a668976cb] /home/users/tongzhen/xhprof/bfwphpapp/lib/mysql.php 45
2016-03-09 13:38:28	8:Notice [Undefined index: ad229a479639b3ae8aa457f4ee1bcaa8] /home/users/tongzhen/xhprof/bfwphpapp/lib/mysql.php 45
2016-03-09 13:38:28	8:Notice [Undefined index: aa615e067c327bf46453cf9d9ad6b57c] /home/users/tongzhen/xhprof/bfwphpapp/lib/mysql.php 45
2016-03-09 13:38:28	8:Notice [Undefined index: f5324212c70ec4b7bd15f33c635e3ae2] /home/users/tongzhen/xhprof/bfwphpapp/lib/mysql.php 45
2016-03-09 13:38:28	8:Notice [Undefined index: 0624b3a8430cdadcda9fc09afd02b228] /home/users/tongzhen/xhprof/bfwphpapp/lib/mysql.php 45
2016-03-09 13:38:28	8:Notice [Undefined index: 0015c5119859f2a2d05f78d4700b7fc5] /home/users/tongzhen/xhprof/bfwphpapp/lib/mysql.php 45
2016-03-09 13:38:28	8:Notice [Undefined index: b2b4dfd7e041c508c7e84929444dfda6] /home/users/tongzhen/xhprof/bfwphpapp/lib/mysql.php 45
2016-03-09 13:38:28	8:Notice [Undefined index: 8f31bf4a2c47221a00fdae6398240220] /home/users/tongzhen/xhprof/bfwphpapp/lib/mysql.php 45
2016-03-09 13:38:28	8:Notice [Undefined index: 420bae44281046751e59ed263a9252be] /home/users/tongzhen/xhprof/bfwphpapp/lib/mysql.php 45
2016-03-09 13:38:28	8:Notice [Undefined index: 4ea746b94dcc73cff324ebb42fcfc72b] /home/users/tongzhen/xhprof/bfwphpapp/lib/mysql.php 45
2016-03-09 13:38:28	8:Notice [Undefined index: f126401583cbc09abc5f33da3d7b7143] /home/users/tongzhen/xhprof/bfwphpapp/lib/mysql.php 45
2016-03-09 13:38:28	8:Notice [Undefined index: 1c160b007d6bfffc66eea4fa9613ced7] /home/users/tongzhen/xhprof/bfwphpapp/lib/mysql.php 45
2016-03-09 13:38:28	8:Notice [Undefined index: bbc0d0a12fd20d0f849fa4b0d70116ab] /home/users/tongzhen/xhprof/bfwphpapp/lib/mysql.php 45
2016-03-09 13:38:28	8:Notice [Undefined index: dcd9bd10e40a337990dc6142d2fa3e3c] /home/users/tongzhen/xhprof/bfwphpapp/lib/mysql.php 45
2016-03-09 13:38:28	8:Notice [Undefined index: 0811c36639df33dfb53709a45172bdb0] /home/users/tongzhen/xhprof/bfwphpapp/lib/mysql.php 45
2016-03-09 13:38:28	8:Notice [Undefined index: 6c9b93c365396a34dbee653d34712ec1] /home/users/tongzhen/xhprof/bfwphpapp/lib/mysql.php 45
2016-03-09 13:38:28	8:Notice [Undefined index: e7f375f3a99b6d099d3d59b175df8332] /home/users/tongzhen/xhprof/bfwphpapp/lib/mysql.php 45
2016-03-09 13:38:28	8:Notice [Undefined index: a1cbff6fb2eba0857e3c059c342b0961] /home/users/tongzhen/xhprof/bfwphpapp/lib/mysql.php 45
2016-03-09 13:38:28	8:Notice [Undefined index: 1f57d32cd5e70d4f87cb1b98d1cc4e36] /home/users/tongzhen/xhprof/bfwphpapp/lib/mysql.php 45
2016-03-09 13:38:28	8:Notice [Undefined index: 340ec0f4ed03beb9629ac90ce5970df9] /home/users/tongzhen/xhprof/bfwphpapp/lib/mysql.php 45
2016-03-09 13:38:28	8:Notice [Undefined index: d1a44ac82be21d62963a3e6a2b9de1d8] /home/users/tongzhen/xhprof/bfwphpapp/lib/mysql.php 45
2016-03-09 13:38:28	8:Notice [Undefined index: 7451b1ea58f13d27c6f92ea117245a23] /home/users/tongzhen/xhprof/bfwphpapp/lib/mysql.php 45
2016-03-09 13:38:28	8:Notice [Undefined index: 81670d1017fe93ee2003d188b5252b69] /home/users/tongzhen/xhprof/bfwphpapp/lib/mysql.php 45
2016-03-09 13:38:28	8:Notice [Undefined index: d14661a0ef142fa050d5d6a1d565d7ff] /home/users/tongzhen/xhprof/bfwphpapp/lib/mysql.php 45
2016-03-09 13:38:28	8:Notice [Undefined index: d2e435273579cac36fdb44fdb4d3345d] /home/users/tongzhen/xhprof/bfwphpapp/lib/mysql.php 45
2016-03-09 13:38:28	8:Notice [Undefined index: d385cb8f1508a22f154e8fdba92e5f02] /home/users/tongzhen/xhprof/bfwphpapp/lib/mysql.php 45
2016-03-09 13:38:28	8:Notice [Undefined index: ce2a2ee3b2a3e735a022b8f6474152e5] /home/users/tongzhen/xhprof/bfwphpapp/lib/mysql.php 45
2016-03-09 13:38:28	8:Notice [Undefined index: 629c1bb3b05a487a15af75e2c0cf6721] /home/users/tongzhen/xhprof/bfwphpapp/lib/mysql.php 45
2016-03-09 13:38:28	8:Notice [Undefined index: 5e38837d5d2132e951fff63b3b600e9f] /home/users/tongzhen/xhprof/bfwphpapp/lib/mysql.php 45
2016-03-09 13:38:28	8:Notice [Undefined index: 95f7799754fcf012190f74b434d38595] /home/users/tongzhen/xhprof/bfwphpapp/lib/mysql.php 45
2016-03-09 13:38:28	8:Notice [Undefined index: e019885726b505968459c38d5e7c5df3] /home/users/tongzhen/xhprof/bfwphpapp/lib/mysql.php 45
2016-03-09 13:38:28	8:Notice [Undefined index: 06bcce2e9ac2b989a1e481e0508617f0] /home/users/tongzhen/xhprof/bfwphpapp/lib/mysql.php 45
2016-03-09 13:38:28	8:Notice [Undefined index: 704f32897aefe30509890b175ae5dd2c] /home/users/tongzhen/xhprof/bfwphpapp/lib/mysql.php 45
2016-03-09 13:38:28	8:Notice [Undefined index: ef707040c694b97c6e47c8dd26c5a903] /home/users/tongzhen/xhprof/bfwphpapp/lib/mysql.php 45
2016-03-09 13:38:28	8:Notice [Undefined index: 19ff146b5cf161b5421beeaf30d25235] /home/users/tongzhen/xhprof/bfwphpapp/lib/mysql.php 45
2016-03-09 13:38:28	8:Notice [Undefined index: 17d6295eb7539a8c7781c2d8c966ede5] /home/users/tongzhen/xhprof/bfwphpapp/lib/mysql.php 45
2016-03-09 13:38:28	8:Notice [Undefined index: 6357b00fb7b64decb340de9a20132de1] /home/users/tongzhen/xhprof/bfwphpapp/lib/mysql.php 45
2016-03-09 13:38:28	8:Notice [Undefined index: 85111d7b7a3a57d20a76604c8613abd4] /home/users/tongzhen/xhprof/bfwphpapp/lib/mysql.php 45
2016-03-09 13:38:28	8:Notice [Undefined index: cd5bd00e8b7069216831eaec38dbb62e] /home/users/tongzhen/xhprof/bfwphpapp/lib/mysql.php 45
2016-03-09 13:38:28	8:Notice [Undefined index: 7dc34e5324cc6acb35568cd4679946e8] /home/users/tongzhen/xhprof/bfwphpapp/lib/mysql.php 45
2016-03-09 13:38:28	8:Notice [Undefined index: 655c6df28eabb4c1e859b3f232901ff1] /home/users/tongzhen/xhprof/bfwphpapp/lib/mysql.php 45
2016-03-09 13:38:28	8:Notice [Undefined index: a6b3c2bae87b0233214833b23a3128e7] /home/users/tongzhen/xhprof/bfwphpapp/lib/mysql.php 45
2016-03-09 13:38:28	8:Notice [Undefined index: 58a13633e8234388228ad485a370cea3] /home/users/tongzhen/xhprof/bfwphpapp/lib/mysql.php 45
2016-03-09 13:38:28	8:Notice [Undefined index: 0e695f1645c6bec06d0bbee07870afbf] /home/users/tongzhen/xhprof/bfwphpapp/lib/mysql.php 45
2016-03-09 13:38:28	8:Notice [Undefined index: 729519e3af30bea0ba48c62d99ad44be] /home/users/tongzhen/xhprof/bfwphpapp/lib/mysql.php 45
2016-03-09 13:38:28	8:Notice [Undefined index: 9b265f4de557219ec16b6eaf164bbea1] /home/users/tongzhen/xhprof/bfwphpapp/lib/mysql.php 45
2016-03-09 13:38:28	8:Notice [Undefined index: a48774283ba670143aa7cb6ab7816b6d] /home/users/tongzhen/xhprof/bfwphpapp/lib/mysql.php 45
2016-03-09 13:38:28	8:Notice [Undefined index: f5586bc13f9235097b5b0cd81c293299] /home/users/tongzhen/xhprof/bfwphpapp/lib/mysql.php 45
2016-03-09 13:38:28	8:Notice [Undefined index: b5fd6b66f87cc0d552e6489fdb364f67] /home/users/tongzhen/xhprof/bfwphpapp/lib/mysql.php 45
2016-03-09 13:38:28	8:Notice [Undefined index: 95cf1ebc04ed4e2fe30c8af42f3e7c2f] /home/users/tongzhen/xhprof/bfwphpapp/lib/mysql.php 45
2016-03-09 13:38:28	8:Notice [Undefined index: e2ea7f67800783d27bc91351fd8cea4d] /home/users/tongzhen/xhprof/bfwphpapp/lib/mysql.php 45
2016-03-09 13:38:28	8:Notice [Undefined index: 2e53ce5ba08bc1e21bfc829147dbc137] /home/users/tongzhen/xhprof/bfwphpapp/lib/mysql.php 45
2016-03-09 13:38:28	8:Notice [Undefined index: 67d3bf8936e7a75005926f0a3cbf894a] /home/users/tongzhen/xhprof/bfwphpapp/lib/mysql.php 45
2016-03-09 13:38:28	8:Notice [Undefined index: 7ea69f1ded614b5ca8077f0f831d01a8] /home/users/tongzhen/xhprof/bfwphpapp/lib/mysql.php 45
2016-03-09 13:38:28	8:Notice [Undefined index: ab7c2e0a7bffa3153d43d1f0f0402e93] /home/users/tongzhen/xhprof/bfwphpapp/lib/mysql.php 45
2016-03-09 13:38:28	8:Notice [Undefined index: 2e08f30142f7d7e99fff8294f9c32fec] /home/users/tongzhen/xhprof/bfwphpapp/lib/mysql.php 45
2016-03-09 13:38:28	8:Notice [Undefined index: 6015e73b1acff4cc2166f520b3daeb34] /home/users/tongzhen/xhprof/bfwphpapp/lib/mysql.php 45
2016-03-09 13:38:28	8:Notice [Undefined index: a7f5ac40e5ed17453483ba75bf34e774] /home/users/tongzhen/xhprof/bfwphpapp/lib/mysql.php 45
2016-03-09 13:38:28	8:Notice [Undefined index: 510b920d3d43aa2c6ca679eb4bd59b32] /home/users/tongzhen/xhprof/bfwphpapp/lib/mysql.php 45
2016-03-09 13:38:28	8:Notice [Undefined index: a5896e986755551ad03db3c5f4b87db3] /home/users/tongzhen/xhprof/bfwphpapp/lib/mysql.php 45
2016-03-09 13:38:28	8:Notice [Undefined variable: cmu] /home/users/tongzhen/xhprof/bfwphpapp/resqueshow/class/obj/caculate/caculate.php 22
2016-03-09 13:38:28	8:Notice [Undefined variable: cmu] /home/users/tongzhen/xhprof/bfwphpapp/resqueshow/class/obj/caculate/caculate.php 22
2016-03-09 13:41:41	8:Notice [Undefined variable: argv] /home/users/tongzhen/xhprof/bfwphpapp/lib/app.php 38
2016-03-09 13:41:41	8:Notice [Undefined index: a19c01d3a0f8251ac55acbe086632613] /home/users/tongzhen/xhprof/bfwphpapp/lib/mysql.php 45
2016-03-09 13:41:41	2:Warning [Invalid argument supplied for foreach()] /home/users/tongzhen/xhprof/bfwphpapp/lib/view.php 16
2016-03-09 13:41:41	8:Notice [Undefined index: 69796c39f60022c499d8c054972e8c04] /home/users/tongzhen/xhprof/bfwphpapp/lib/mysql.php 25
2016-03-09 13:41:41	8:Notice [Undefined index: 82a476902c8b2df7b9db141fafdc3870] /home/users/tongzhen/xhprof/bfwphpapp/lib/mysql.php 45
2016-03-09 13:41:41	8:Notice [Undefined index: timestamp] /home/users/tongzhen/xhprof/bfwphpapp/resqueshow/tpl/statrequest/index.php 162
2016-03-09 13:41:41	8:Notice [Undefined index: timestamp] /home/users/tongzhen/xhprof/bfwphpapp/resqueshow/tpl/statrequest/index.php 162
2016-03-09 13:41:41	8:Notice [Undefined index: timestamp] /home/users/tongzhen/xhprof/bfwphpapp/resqueshow/tpl/statrequest/index.php 162
2016-03-09 13:41:41	8:Notice [Undefined index: timestamp] /home/users/tongzhen/xhprof/bfwphpapp/resqueshow/tpl/statrequest/index.php 162
2016-03-09 13:41:41	8:Notice [Undefined index: timestamp] /home/users/tongzhen/xhprof/bfwphpapp/resqueshow/tpl/statrequest/index.php 162
2016-03-09 13:41:41	8:Notice [Undefined index: timestamp] /home/users/tongzhen/xhprof/bfwphpapp/resqueshow/tpl/statrequest/index.php 162
2016-03-09 13:41:41	8:Notice [Undefined index: timestamp] /home/users/tongzhen/xhprof/bfwphpapp/resqueshow/tpl/statrequest/index.php 162
2016-03-09 13:41:41	8:Notice [Undefined index: timestamp] /home/users/tongzhen/xhprof/bfwphpapp/resqueshow/tpl/statrequest/index.php 162
2016-03-09 13:41:44	8:Notice [Undefined variable: argv] /home/users/tongzhen/xhprof/bfwphpapp/lib/app.php 38
2016-03-09 13:41:47	8:Notice [Undefined variable: argv] /home/users/tongzhen/xhprof/bfwphpapp/lib/app.php 38
2016-03-09 13:41:47	8:Notice [Undefined index: a19c01d3a0f8251ac55acbe086632613] /home/users/tongzhen/xhprof/bfwphpapp/lib/mysql.php 45
2016-03-09 13:41:47	2:Warning [Invalid argument supplied for foreach()] /home/users/tongzhen/xhprof/bfwphpapp/lib/view.php 16
2016-03-09 13:41:47	8:Notice [Undefined index: 6af2b3a442fbd2f0293e1b3501e77054] /home/users/tongzhen/xhprof/bfwphpapp/lib/mysql.php 25
2016-03-09 13:41:47	8:Notice [Undefined index: 5f2cd93aa7e1d845698e0542438b5a04] /home/users/tongzhen/xhprof/bfwphpapp/lib/mysql.php 45
2016-03-09 13:41:47	8:Notice [Undefined index: timestamp] /home/users/tongzhen/xhprof/bfwphpapp/resqueshow/tpl/statrequest/index.php 162
2016-03-09 13:41:47	8:Notice [Undefined index: timestamp] /home/users/tongzhen/xhprof/bfwphpapp/resqueshow/tpl/statrequest/index.php 162
2016-03-09 13:41:47	8:Notice [Undefined index: timestamp] /home/users/tongzhen/xhprof/bfwphpapp/resqueshow/tpl/statrequest/index.php 162
2016-03-09 13:41:47	8:Notice [Undefined index: timestamp] /home/users/tongzhen/xhprof/bfwphpapp/resqueshow/tpl/statrequest/index.php 162
2016-03-09 13:41:47	8:Notice [Undefined index: timestamp] /home/users/tongzhen/xhprof/bfwphpapp/resqueshow/tpl/statrequest/index.php 162
2016-03-09 13:41:47	8:Notice [Undefined index: timestamp] /home/users/tongzhen/xhprof/bfwphpapp/resqueshow/tpl/statrequest/index.php 162
2016-03-09 13:41:47	8:Notice [Undefined index: timestamp] /home/users/tongzhen/xhprof/bfwphpapp/resqueshow/tpl/statrequest/index.php 162
2016-03-09 13:41:47	8:Notice [Undefined index: timestamp] /home/users/tongzhen/xhprof/bfwphpapp/resqueshow/tpl/statrequest/index.php 162
